#
# There is insufficient memory for the Java Runtime Environment to continue.
# Native memory allocation (malloc) failed to allocate 32744 bytes for ChunkPool::allocate
# Possible reasons:
#   The system is out of physical RAM or swap space
#   In 32 bit mode, the process size limit was hit
# Possible solutions:
#   Reduce memory load on the system
#   Increase physical memory or swap space
#   Check if swap backing store is full
#   Use 64 bit Java on a 64 bit OS
#   Decrease Java heap size (-Xmx/-Xms)
#   Decrease number of Java threads
#   Decrease Java thread stack sizes (-Xss)
#   Set larger code cache with -XX:ReservedCodeCacheSize=
# This output file may be truncated or incomplete.
#
#  Out of Memory Error (allocation.cpp:273), pid=13096, tid=0x0000000000004a54
#
# JRE version: Java(TM) SE Runtime Environment (8.0_144-b01) (build 1.8.0_144-b01)
# Java VM: Java HotSpot(TM) 64-Bit Server VM (25.144-b01 mixed mode windows-amd64 compressed oops)
# Failed to write core dump. Minidumps are not enabled by default on client versions of Windows
#

---------------  T H R E A D  ---------------

Current thread (0x0000000020b03000):  JavaThread "C1 CompilerThread3" daemon [_thread_in_native, id=19028, stack(0x0000000020f60000,0x0000000021060000)]

Stack: [0x0000000020f60000,0x0000000021060000]
[error occurred during error reporting (printing stack bounds), id 0xc0000005]

Native frames: (J=compiled Java code, j=interpreted, Vv=VM code, C=native code)


Current CompileTask:
C1:   8589 6241       1       org.springframework.asm.ClassReader::readCode (5085 bytes)


---------------  P R O C E S S  ---------------

Java Threads: ( => current thread )
  0x0000000024abb000 JavaThread "ForkJoinPool.commonPool-worker-8" daemon [_thread_blocked, id=19020, stack(0x00000000274d0000,0x00000000275d0000)]
  0x0000000024ab3800 JavaThread "ForkJoinPool.commonPool-worker-15" daemon [_thread_blocked, id=22968, stack(0x00000000271d0000,0x00000000272d0000)]
  0x0000000024ab6800 JavaThread "ForkJoinPool.commonPool-worker-6" daemon [_thread_blocked, id=23960, stack(0x00000000270d0000,0x00000000271d0000)]
  0x0000000024ab6000 JavaThread "ForkJoinPool.commonPool-worker-13" daemon [_thread_blocked, id=15152, stack(0x0000000026fd0000,0x00000000270d0000)]
  0x0000000024ab5000 JavaThread "ForkJoinPool.commonPool-worker-4" daemon [_thread_blocked, id=13292, stack(0x0000000026ed0000,0x0000000026fd0000)]
  0x0000000024ab9800 JavaThread "ForkJoinPool.commonPool-worker-11" daemon [_thread_blocked, id=20140, stack(0x0000000026dd0000,0x0000000026ed0000)]
  0x0000000024ab8000 JavaThread "ForkJoinPool.commonPool-worker-2" daemon [_thread_blocked, id=17460, stack(0x0000000026cd0000,0x0000000026dd0000)]
  0x0000000024ab4800 JavaThread "ForkJoinPool.commonPool-worker-9" daemon [_thread_blocked, id=16236, stack(0x0000000026bd0000,0x0000000026cd0000)]
  0x0000000024aba800 JavaThread "container-0" [_thread_blocked, id=26584, stack(0x00000000268d0000,0x00000000269d0000)]
  0x0000000024ab9000 JavaThread "Catalina-utility-2" [_thread_blocked, id=22512, stack(0x00000000267d0000,0x00000000268d0000)]
  0x0000000021e35000 JavaThread "Catalina-utility-1" [_thread_blocked, id=26336, stack(0x00000000266d0000,0x00000000267d0000)]
  0x0000000021e34000 JavaThread "com.alibaba.nacos.naming.push.receiver" daemon [_thread_in_native, id=3580, stack(0x00000000265d0000,0x00000000266d0000)]
  0x0000000021e32000 JavaThread "com.alibaba.nacos.naming.failover" daemon [_thread_blocked, id=20180, stack(0x00000000264d0000,0x00000000265d0000)]
  0x0000000021e33800 JavaThread "com.alibaba.nacos.naming.client.listener" daemon [_thread_blocked, id=10392, stack(0x00000000263d0000,0x00000000264d0000)]
  0x0000000021e31000 JavaThread "base connection adder" daemon [_thread_blocked, id=26384, stack(0x00000000262d0000,0x00000000263d0000)]
  0x0000000021e38000 JavaThread "base housekeeper" daemon [_thread_blocked, id=19712, stack(0x00000000261d0000,0x00000000262d0000)]
  0x0000000021e37000 JavaThread "mysql-cj-abandoned-connection-cleanup" daemon [_thread_blocked, id=26612, stack(0x0000000025cd0000,0x0000000025dd0000)]
  0x0000000021e36800 JavaThread "spring.cloud.inetutils" daemon [_thread_blocked, id=26508, stack(0x00000000259d0000,0x0000000025ad0000)]
  0x0000000021e35800 JavaThread "RMI TCP Connection(3)-192.168.24.1" daemon [_thread_in_native, id=17224, stack(0x00000000258d0000,0x00000000259d0000)]
  0x0000000021e32800 JavaThread "logback-4" daemon [_thread_blocked, id=23348, stack(0x00000000225e0000,0x00000000226e0000)]
  0x0000000021cf5800 JavaThread "com.alibaba.nacos.client.Worker.fixed-192.168.24.133_8001" daemon [_thread_blocked, id=26412, stack(0x0000000023800000,0x0000000023900000)]
  0x0000000021cf4800 JavaThread "Timer-0" daemon [_thread_blocked, id=6612, stack(0x0000000023700000,0x0000000023800000)]
  0x0000000021794800 JavaThread "RMI Scheduler(0)" daemon [_thread_blocked, id=26540, stack(0x0000000022d00000,0x0000000022e00000)]
  0x0000000021731800 JavaThread "RMI TCP Connection(2)-192.168.24.1" daemon [_thread_in_native, id=3412, stack(0x00000000226e0000,0x00000000227e0000)]
  0x0000000021362000 JavaThread "RMI TCP Accept-0" daemon [_thread_in_native, id=25308, stack(0x0000000022130000,0x0000000022230000)]
  0x0000000020b0a000 JavaThread "Service Thread" daemon [_thread_blocked, id=7580, stack(0x0000000021060000,0x0000000021160000)]
=>0x0000000020b03000 JavaThread "C1 CompilerThread3" daemon [_thread_in_native, id=19028, stack(0x0000000020f60000,0x0000000021060000)]
  0x0000000020b02000 JavaThread "C2 CompilerThread2" daemon [_thread_blocked, id=10544, stack(0x0000000020e60000,0x0000000020f60000)]
  0x0000000020aa0800 JavaThread "C2 CompilerThread1" daemon [_thread_blocked, id=26588, stack(0x0000000020d60000,0x0000000020e60000)]
  0x0000000020a8a000 JavaThread "C2 CompilerThread0" daemon [_thread_blocked, id=24256, stack(0x0000000020c60000,0x0000000020d60000)]
  0x000000001ec2f800 JavaThread "JDWP Command Reader" daemon [_thread_in_native, id=9964, stack(0x0000000020360000,0x0000000020460000)]
  0x000000001ec2a800 JavaThread "JDWP Event Helper Thread" daemon [_thread_blocked, id=19760, stack(0x0000000020260000,0x0000000020360000)]
  0x000000001ec1e000 JavaThread "JDWP Transport Listener: dt_socket" daemon [_thread_blocked, id=26580, stack(0x0000000020160000,0x0000000020260000)]
  0x000000001ec10000 JavaThread "Attach Listener" daemon [_thread_blocked, id=19296, stack(0x0000000020060000,0x0000000020160000)]
  0x000000001ebb8800 JavaThread "Signal Dispatcher" daemon [_thread_blocked, id=13160, stack(0x000000001ff60000,0x0000000020060000)]
  0x000000001eb93800 JavaThread "Finalizer" daemon [_thread_blocked, id=26464, stack(0x000000001fe00000,0x000000001ff00000)]
  0x000000001d4d4800 JavaThread "Reference Handler" daemon [_thread_blocked, id=8968, stack(0x000000001fd00000,0x000000001fe00000)]
  0x00000000036ba000 JavaThread "main" [_thread_in_Java, id=26424, stack(0x0000000003560000,0x0000000003660000)]

Other Threads:
  0x000000001eb72800 VMThread [stack: 0x000000001fc00000,0x000000001fd00000] [id=4636]
  0x0000000021374000 WatcherThread [stack: 0x0000000022230000,0x0000000022330000] [id=17792]

VM state:not at safepoint (normal execution)

VM Mutex/Monitor currently owned by a thread: None

Heap:
 PSYoungGen      total 267776K, used 250692K [0x000000076b800000, 0x0000000784200000, 0x00000007c0000000)
  eden space 258560K, 93% used [0x000000076b800000,0x000000077a3d65c8,0x000000077b480000)
  from space 9216K, 99% used [0x000000077b480000,0x000000077bd7ab20,0x000000077bd80000)
  to   space 13312K, 0% used [0x0000000783500000,0x0000000783500000,0x0000000784200000)
 ParOldGen       total 87552K, used 31338K [0x00000006c2800000, 0x00000006c7d80000, 0x000000076b800000)
  object space 87552K, 35% used [0x00000006c2800000,0x00000006c469a9d8,0x00000006c7d80000)
 Metaspace       used 51761K, capacity 54362K, committed 54528K, reserved 1099776K
  class space    used 6803K, capacity 7301K, committed 7424K, reserved 1048576K

Card table byte_map: [0x0000000012cf0000,0x00000000134e0000] byte_map_base: 0x000000000f6dc000

Marking Bits: (ParMarkBitMap*) 0x0000000068a0d850
 Begin Bits: [0x0000000014430000, 0x0000000018390000)
 End Bits:   [0x0000000018390000, 0x000000001c2f0000)

Polling page: 0x0000000000fd0000

CodeCache: size=245760Kb used=12658Kb max_used=12658Kb free=233101Kb
 bounds [0x0000000003930000, 0x0000000004590000, 0x0000000012930000]
 total_blobs=6724 nmethods=6178 adapters=465
 compilation: enabled

Compilation events (10 events):
Event: 8.582 Thread 0x0000000020b03000 nmethod 6235 0x000000000458c350 code [0x000000000458c4a0, 0x000000000458c5b0]
Event: 8.582 Thread 0x0000000020b03000 6236       1       sun.reflect.ClassFileAssembler::opc_aload_1 (24 bytes)
Event: 8.582 Thread 0x0000000020b03000 nmethod 6236 0x000000000458c610 code [0x000000000458c780, 0x000000000458c928]
Event: 8.582 Thread 0x0000000020b03000 6237       1       sun.reflect.ClassFileAssembler::opc_dup_x1 (11 bytes)
Event: 8.582 Thread 0x0000000020b03000 nmethod 6237 0x000000000458ca50 code [0x000000000458cbc0, 0x000000000458cd68]
Event: 8.582 Thread 0x0000000020b03000 6238       1       sun.reflect.ClassFileAssembler::opc_swap (7 bytes)
Event: 8.582 Thread 0x0000000020b03000 nmethod 6238 0x000000000458ce90 code [0x000000000458d000, 0x000000000458d188]
Event: 8.583 Thread 0x0000000020b03000 6240       1       org.springframework.core.annotation.MissingMergedAnnotation::getDistance (2 bytes)
Event: 8.583 Thread 0x0000000020b03000 nmethod 6240 0x000000000458d290 code [0x000000000458d3e0, 0x000000000458d4f0]
Event: 8.586 Thread 0x0000000020b03000 6241       1       org.springframework.asm.ClassReader::readCode (5085 bytes)

GC Heap History (10 events):
Event: 4.710 GC heap before
{Heap before GC invocations=9 (full 1):
 PSYoungGen      total 267776K, used 267758K [0x000000076b800000, 0x0000000784200000, 0x00000007c0000000)
  eden space 258560K, 100% used [0x000000076b800000,0x000000077b480000,0x000000077b480000)
  from space 9216K, 99% used [0x000000077b480000,0x000000077bd7b9e8,0x000000077bd80000)
  to   space 13312K, 0% used [0x0000000783500000,0x0000000783500000,0x0000000784200000)
 ParOldGen       total 87552K, used 13506K [0x00000006c2800000, 0x00000006c7d80000, 0x000000076b800000)
  object space 87552K, 15% used [0x00000006c2800000,0x00000006c3530998,0x00000006c7d80000)
 Metaspace       used 34045K, capacity 35328K, committed 35456K, reserved 1079296K
  class space    used 4627K, capacity 4910K, committed 4992K, reserved 1048576K
Event: 4.723 GC heap after
Heap after GC invocations=9 (full 1):
 PSYoungGen      total 271872K, used 13310K [0x000000076b800000, 0x0000000784200000, 0x00000007c0000000)
  eden space 258560K, 0% used [0x000000076b800000,0x000000076b800000,0x000000077b480000)
  from space 13312K, 99% used [0x0000000783500000,0x00000007841ff9e8,0x0000000784200000)
  to   space 9216K, 0% used [0x000000077b480000,0x000000077b480000,0x000000077bd80000)
 ParOldGen       total 87552K, used 20434K [0x00000006c2800000, 0x00000006c7d80000, 0x000000076b800000)
  object space 87552K, 23% used [0x00000006c2800000,0x00000006c3bf4a18,0x00000006c7d80000)
 Metaspace       used 34045K, capacity 35328K, committed 35456K, reserved 1079296K
  class space    used 4627K, capacity 4910K, committed 4992K, reserved 1048576K
}
Event: 4.731 GC heap before
{Heap before GC invocations=10 (full 1):
 PSYoungGen      total 271872K, used 18174K [0x000000076b800000, 0x0000000784200000, 0x00000007c0000000)
  eden space 258560K, 1% used [0x000000076b800000,0x000000076bcc01c8,0x000000077b480000)
  from space 13312K, 99% used [0x0000000783500000,0x00000007841ff9e8,0x0000000784200000)
  to   space 9216K, 0% used [0x000000077b480000,0x000000077b480000,0x000000077bd80000)
 ParOldGen       total 87552K, used 20434K [0x00000006c2800000, 0x00000006c7d80000, 0x000000076b800000)
  object space 87552K, 23% used [0x00000006c2800000,0x00000006c3bf4a18,0x00000006c7d80000)
 Metaspace       used 34088K, capacity 35334K, committed 35456K, reserved 1079296K
  class space    used 4632K, capacity 4911K, committed 4992K, reserved 1048576K
Event: 4.738 GC heap after
Heap after GC invocations=10 (full 1):
 PSYoungGen      total 267776K, used 9216K [0x000000076b800000, 0x0000000784200000, 0x00000007c0000000)
  eden space 258560K, 0% used [0x000000076b800000,0x000000076b800000,0x000000077b480000)
  from space 9216K, 100% used [0x000000077b480000,0x000000077bd80000,0x000000077bd80000)
  to   space 13312K, 0% used [0x0000000783500000,0x0000000783500000,0x0000000784200000)
 ParOldGen       total 87552K, used 24043K [0x00000006c2800000, 0x00000006c7d80000, 0x000000076b800000)
  object space 87552K, 27% used [0x00000006c2800000,0x00000006c3f7afb8,0x00000006c7d80000)
 Metaspace       used 34088K, capacity 35334K, committed 35456K, reserved 1079296K
  class space    used 4632K, capacity 4911K, committed 4992K, reserved 1048576K
}
Event: 4.738 GC heap before
{Heap before GC invocations=11 (full 2):
 PSYoungGen      total 267776K, used 9216K [0x000000076b800000, 0x0000000784200000, 0x00000007c0000000)
  eden space 258560K, 0% used [0x000000076b800000,0x000000076b800000,0x000000077b480000)
  from space 9216K, 100% used [0x000000077b480000,0x000000077bd80000,0x000000077bd80000)
  to   space 13312K, 0% used [0x0000000783500000,0x0000000783500000,0x0000000784200000)
 ParOldGen       total 87552K, used 24043K [0x00000006c2800000, 0x00000006c7d80000, 0x000000076b800000)
  object space 87552K, 27% used [0x00000006c2800000,0x00000006c3f7afb8,0x00000006c7d80000)
 Metaspace       used 34088K, capacity 35334K, committed 35456K, reserved 1079296K
  class space    used 4632K, capacity 4911K, committed 4992K, reserved 1048576K
Event: 4.774 GC heap after
Heap after GC invocations=11 (full 2):
 PSYoungGen      total 267776K, used 0K [0x000000076b800000, 0x0000000784200000, 0x00000007c0000000)
  eden space 258560K, 0% used [0x000000076b800000,0x000000076b800000,0x000000077b480000)
  from space 9216K, 0% used [0x000000077b480000,0x000000077b480000,0x000000077bd80000)
  to   space 13312K, 0% used [0x0000000783500000,0x0000000783500000,0x0000000784200000)
 ParOldGen       total 87552K, used 18318K [0x00000006c2800000, 0x00000006c7d80000, 0x000000076b800000)
  object space 87552K, 20% used [0x00000006c2800000,0x00000006c39e3ac8,0x00000006c7d80000)
 Metaspace       used 34088K, capacity 35334K, committed 35456K, reserved 1079296K
  class space    used 4632K, capacity 4911K, committed 4992K, reserved 1048576K
}
Event: 6.315 GC heap before
{Heap before GC invocations=12 (full 2):
 PSYoungGen      total 267776K, used 258560K [0x000000076b800000, 0x0000000784200000, 0x00000007c0000000)
  eden space 258560K, 100% used [0x000000076b800000,0x000000077b480000,0x000000077b480000)
  from space 9216K, 0% used [0x000000077b480000,0x000000077b480000,0x000000077bd80000)
  to   space 13312K, 0% used [0x0000000783500000,0x0000000783500000,0x0000000784200000)
 ParOldGen       total 87552K, used 18318K [0x00000006c2800000, 0x00000006c7d80000, 0x000000076b800000)
  object space 87552K, 20% used [0x00000006c2800000,0x00000006c39e3ac8,0x00000006c7d80000)
 Metaspace       used 40662K, capacity 42676K, committed 42752K, reserved 1085440K
  class space    used 5482K, capacity 5858K, committed 5888K, reserved 1048576K
Event: 6.326 GC heap after
Heap after GC invocations=12 (full 2):
 PSYoungGen      total 271872K, used 12677K [0x000000076b800000, 0x0000000784200000, 0x00000007c0000000)
  eden space 258560K, 0% used [0x000000076b800000,0x000000076b800000,0x000000077b480000)
  from space 13312K, 95% used [0x0000000783500000,0x0000000784161448,0x0000000784200000)
  to   space 9216K, 0% used [0x000000077b480000,0x000000077b480000,0x000000077bd80000)
 ParOldGen       total 87552K, used 18326K [0x00000006c2800000, 0x00000006c7d80000, 0x000000076b800000)
  object space 87552K, 20% used [0x00000006c2800000,0x00000006c39e5ac8,0x00000006c7d80000)
 Metaspace       used 40662K, capacity 42676K, committed 42752K, reserved 1085440K
  class space    used 5482K, capacity 5858K, committed 5888K, reserved 1048576K
}
Event: 7.854 GC heap before
{Heap before GC invocations=13 (full 2):
 PSYoungGen      total 271872K, used 271237K [0x000000076b800000, 0x0000000784200000, 0x00000007c0000000)
  eden space 258560K, 100% used [0x000000076b800000,0x000000077b480000,0x000000077b480000)
  from space 13312K, 95% used [0x0000000783500000,0x0000000784161448,0x0000000784200000)
  to   space 9216K, 0% used [0x000000077b480000,0x000000077b480000,0x000000077bd80000)
 ParOldGen       total 87552K, used 18326K [0x00000006c2800000, 0x00000006c7d80000, 0x000000076b800000)
  object space 87552K, 20% used [0x00000006c2800000,0x00000006c39e5ac8,0x00000006c7d80000)
 Metaspace       used 49944K, capacity 52392K, committed 52480K, reserved 1095680K
  class space    used 6649K, capacity 7096K, committed 7168K, reserved 1048576K
Event: 7.876 GC heap after
Heap after GC invocations=13 (full 2):
 PSYoungGen      total 267776K, used 9194K [0x000000076b800000, 0x0000000784200000, 0x00000007c0000000)
  eden space 258560K, 0% used [0x000000076b800000,0x000000076b800000,0x000000077b480000)
  from space 9216K, 99% used [0x000000077b480000,0x000000077bd7ab20,0x000000077bd80000)
  to   space 13312K, 0% used [0x0000000783500000,0x0000000783500000,0x0000000784200000)
 ParOldGen       total 87552K, used 31338K [0x00000006c2800000, 0x00000006c7d80000, 0x000000076b800000)
  object space 87552K, 35% used [0x00000006c2800000,0x00000006c469a9d8,0x00000006c7d80000)
 Metaspace       used 49944K, capacity 52392K, committed 52480K, reserved 1095680K
  class space    used 6649K, capacity 7096K, committed 7168K, reserved 1048576K
}

Deoptimization events (0 events):
No events

Internal exceptions (10 events):
Event: 8.508 Thread 0x00000000036ba000 Exception <a 'java/lang/ArrayIndexOutOfBoundsException'> (0x0000000778fde2f0) thrown at [C:\re\workspace\8-2-build-windows-amd64-cygwin\jdk8u144\9417\hotspot\src\share\vm\runtime\sharedRuntime.cpp, line 605]
Event: 8.508 Thread 0x00000000036ba000 Exception <a 'java/lang/ArrayIndexOutOfBoundsException'> (0x0000000778fe8030) thrown at [C:\re\workspace\8-2-build-windows-amd64-cygwin\jdk8u144\9417\hotspot\src\share\vm\runtime\sharedRuntime.cpp, line 605]
Event: 8.508 Thread 0x00000000036ba000 Exception <a 'java/lang/ArrayIndexOutOfBoundsException'> (0x0000000778fea448) thrown at [C:\re\workspace\8-2-build-windows-amd64-cygwin\jdk8u144\9417\hotspot\src\share\vm\runtime\sharedRuntime.cpp, line 605]
Event: 8.531 Thread 0x00000000036ba000 Exception <a 'java/lang/ArrayIndexOutOfBoundsException'> (0x0000000779464df8) thrown at [C:\re\workspace\8-2-build-windows-amd64-cygwin\jdk8u144\9417\hotspot\src\share\vm\runtime\sharedRuntime.cpp, line 605]
Event: 8.532 Thread 0x00000000036ba000 Exception <a 'java/lang/ArrayIndexOutOfBoundsException'> (0x0000000779490cf0) thrown at [C:\re\workspace\8-2-build-windows-amd64-cygwin\jdk8u144\9417\hotspot\src\share\vm\runtime\sharedRuntime.cpp, line 605]
Event: 8.532 Thread 0x00000000036ba000 Exception <a 'java/lang/ArrayIndexOutOfBoundsException'> (0x0000000779492500) thrown at [C:\re\workspace\8-2-build-windows-amd64-cygwin\jdk8u144\9417\hotspot\src\share\vm\runtime\sharedRuntime.cpp, line 605]
Event: 8.534 Thread 0x00000000036ba000 Exception <a 'java/lang/ArrayIndexOutOfBoundsException'> (0x00000007794f9800) thrown at [C:\re\workspace\8-2-build-windows-amd64-cygwin\jdk8u144\9417\hotspot\src\share\vm\runtime\sharedRuntime.cpp, line 605]
Event: 8.537 Thread 0x00000000036ba000 Exception <a 'java/lang/ArrayIndexOutOfBoundsException'> (0x0000000779524ea0) thrown at [C:\re\workspace\8-2-build-windows-amd64-cygwin\jdk8u144\9417\hotspot\src\share\vm\runtime\sharedRuntime.cpp, line 605]
Event: 8.552 Thread 0x00000000036ba000 Exception <a 'java/lang/ArrayIndexOutOfBoundsException'> (0x000000077975f668) thrown at [C:\re\workspace\8-2-build-windows-amd64-cygwin\jdk8u144\9417\hotspot\src\share\vm\runtime\sharedRuntime.cpp, line 605]
Event: 8.552 Thread 0x00000000036ba000 Exception <a 'java/lang/ArrayIndexOutOfBoundsException'> (0x0000000779762118) thrown at [C:\re\workspace\8-2-build-windows-amd64-cygwin\jdk8u144\9417\hotspot\src\share\vm\runtime\sharedRuntime.cpp, line 605]

Events (10 events):
Event: 8.585 loading class com/codingapi/txlcn/tc/aspect/TransactionInfo
Event: 8.585 loading class com/codingapi/txlcn/tc/aspect/TransactionInfo done
Event: 8.585 Thread 0x00000000036ba000 DEOPT PACKING pc=0x0000000003b55751 sp=0x000000000365d970
Event: 8.585 Thread 0x00000000036ba000 DEOPT UNPACKING pc=0x000000000397787f sp=0x000000000365d6c0 mode 1
Event: 8.585 Thread 0x00000000036ba000 DEOPT PACKING pc=0x0000000003b07cc4 sp=0x000000000365d9f0
Event: 8.585 Thread 0x00000000036ba000 DEOPT UNPACKING pc=0x000000000397787f sp=0x000000000365d810 mode 1
Event: 8.585 Thread 0x00000000036ba000 DEOPT PACKING pc=0x0000000003b07c0c sp=0x000000000365db80
Event: 8.585 Thread 0x00000000036ba000 DEOPT UNPACKING pc=0x000000000397787f sp=0x000000000365d9a0 mode 1
Event: 8.588 loading class com/codingapi/txlcn/tc/corelog/aspect/AspectLog
Event: 8.588 loading class com/codingapi/txlcn/tc/corelog/aspect/AspectLog done


Dynamic libraries:
0x00007ff67d0f0000 - 0x00007ff67d127000 	D:\Program Files\Java\jdk1.8.0_144\bin\java.exe
0x00007ffe1f0c0000 - 0x00007ffe1f2b0000 	C:\Windows\SYSTEM32\ntdll.dll
0x00007ffe1da60000 - 0x00007ffe1db12000 	C:\Windows\System32\KERNEL32.DLL
0x00007ffe1ca80000 - 0x00007ffe1cd25000 	C:\Windows\System32\KERNELBASE.dll
0x00007ffe1d920000 - 0x00007ffe1d9c3000 	C:\Windows\System32\ADVAPI32.dll
0x00007ffe1db30000 - 0x00007ffe1dbce000 	C:\Windows\System32\msvcrt.dll
0x00007ffe1e600000 - 0x00007ffe1e697000 	C:\Windows\System32\sechost.dll
0x00007ffe1e890000 - 0x00007ffe1e9b0000 	C:\Windows\System32\RPCRT4.dll
0x00007ffe1e320000 - 0x00007ffe1e4b4000 	C:\Windows\System32\USER32.dll
0x00007ffe1d140000 - 0x00007ffe1d161000 	C:\Windows\System32\win32u.dll
0x00007ffe1eb60000 - 0x00007ffe1eb86000 	C:\Windows\System32\GDI32.dll
0x00007ffe1ce30000 - 0x00007ffe1cfc6000 	C:\Windows\System32\gdi32full.dll
0x00007ffe1d070000 - 0x00007ffe1d10e000 	C:\Windows\System32\msvcp_win.dll
0x00007ffe1cd30000 - 0x00007ffe1ce2a000 	C:\Windows\System32\ucrtbase.dll
0x00007ffe0e4d0000 - 0x00007ffe0e754000 	C:\Windows\WinSxS\amd64_microsoft.windows.common-controls_6595b64144ccf1df_6.0.18362.1139_none_9e7bf2d3e4605ac6\COMCTL32.dll
0x00007ffe1eb90000 - 0x00007ffe1eec5000 	C:\Windows\System32\combase.dll
0x00007ffe1cfd0000 - 0x00007ffe1d050000 	C:\Windows\System32\bcryptPrimitives.dll
0x00007ffe1e6a0000 - 0x00007ffe1e6ce000 	C:\Windows\System32\IMM32.DLL
0x0000000069180000 - 0x0000000069252000 	D:\Program Files\Java\jdk1.8.0_144\jre\bin\msvcr100.dll
0x00000000681f0000 - 0x0000000068a8d000 	D:\Program Files\Java\jdk1.8.0_144\jre\bin\server\jvm.dll
0x00007ffe1d730000 - 0x00007ffe1d738000 	C:\Windows\System32\PSAPI.DLL
0x00007ffe03600000 - 0x00007ffe03609000 	C:\Windows\SYSTEM32\WSOCK32.dll
0x00007ffe19d90000 - 0x00007ffe19db4000 	C:\Windows\SYSTEM32\WINMM.dll
0x00007ffe1b170000 - 0x00007ffe1b17a000 	C:\Windows\SYSTEM32\VERSION.dll
0x00007ffe1d9d0000 - 0x00007ffe1da3f000 	C:\Windows\System32\WS2_32.dll
0x00007ffe19d60000 - 0x00007ffe19d8d000 	C:\Windows\SYSTEM32\WINMMBASE.dll
0x00007ffe1ca30000 - 0x00007ffe1ca7a000 	C:\Windows\System32\cfgmgr32.dll
0x00000000697a0000 - 0x00000000697af000 	D:\Program Files\Java\jdk1.8.0_144\jre\bin\verify.dll
0x0000000069150000 - 0x0000000069179000 	D:\Program Files\Java\jdk1.8.0_144\jre\bin\java.dll
0x00000000690f0000 - 0x0000000069125000 	D:\Program Files\Java\jdk1.8.0_144\jre\bin\jdwp.dll
0x00000000690e0000 - 0x00000000690e8000 	D:\Program Files\Java\jdk1.8.0_144\jre\bin\npt.dll
0x00000000690b0000 - 0x00000000690d3000 	D:\Program Files\Java\jdk1.8.0_144\jre\bin\instrument.dll
0x0000000069130000 - 0x0000000069146000 	D:\Program Files\Java\jdk1.8.0_144\jre\bin\zip.dll
0x00007ffe1dc30000 - 0x00007ffe1e317000 	C:\Windows\System32\SHELL32.dll
0x00007ffe1eab0000 - 0x00007ffe1eb59000 	C:\Windows\System32\shcore.dll
0x00007ffe1c250000 - 0x00007ffe1c9d0000 	C:\Windows\System32\windows.storage.dll
0x00007ffe1bf90000 - 0x00007ffe1bfb3000 	C:\Windows\System32\profapi.dll
0x00007ffe1bfe0000 - 0x00007ffe1c02a000 	C:\Windows\System32\powrprof.dll
0x00007ffe1bf80000 - 0x00007ffe1bf90000 	C:\Windows\System32\UMPDC.dll
0x00007ffe1d740000 - 0x00007ffe1d792000 	C:\Windows\System32\shlwapi.dll
0x00007ffe1bfc0000 - 0x00007ffe1bfd1000 	C:\Windows\System32\kernel.appcore.dll
0x00007ffe1d050000 - 0x00007ffe1d067000 	C:\Windows\System32\cryptsp.dll
0x0000000069060000 - 0x0000000069069000 	D:\Program Files\Java\jdk1.8.0_144\jre\bin\dt_socket.dll
0x00007ffe1b7d0000 - 0x00007ffe1b837000 	C:\Windows\system32\mswsock.dll
0x0000000069090000 - 0x00000000690aa000 	D:\Program Files\Java\jdk1.8.0_144\jre\bin\net.dll
0x00007ffe1b520000 - 0x00007ffe1b5eb000 	C:\Windows\SYSTEM32\DNSAPI.dll
0x00007ffe1d170000 - 0x00007ffe1d178000 	C:\Windows\System32\NSI.dll
0x00007ffe1b4e0000 - 0x00007ffe1b51a000 	C:\Windows\SYSTEM32\IPHLPAPI.DLL
0x00007ffe11870000 - 0x00007ffe1187a000 	C:\Windows\System32\rasadhlp.dll
0x00007ffe14190000 - 0x00007ffe14207000 	C:\Windows\System32\fwpuclnt.dll
0x00007ffe1d110000 - 0x00007ffe1d136000 	C:\Windows\System32\bcrypt.dll
0x0000000069050000 - 0x000000006905d000 	D:\Program Files\Java\jdk1.8.0_144\jre\bin\management.dll
0x0000000069070000 - 0x0000000069081000 	D:\Program Files\Java\jdk1.8.0_144\jre\bin\nio.dll
0x00007ffe1b340000 - 0x00007ffe1b373000 	C:\Windows\system32\rsaenh.dll
0x00007ffe1bea0000 - 0x00007ffe1bec5000 	C:\Windows\SYSTEM32\USERENV.dll
0x00007ffe1b9a0000 - 0x00007ffe1b9ac000 	C:\Windows\SYSTEM32\CRYPTBASE.dll
0x00007ffe14990000 - 0x00007ffe149a6000 	C:\Windows\SYSTEM32\dhcpcsvc6.DLL
0x00007ffe14970000 - 0x00007ffe1498c000 	C:\Windows\SYSTEM32\dhcpcsvc.DLL
0x00007ffe030a0000 - 0x00007ffe030b6000 	C:\Windows\system32\napinsp.dll
0x00007ffe02fa0000 - 0x00007ffe02fba000 	C:\Windows\system32\pnrpnsp.dll
0x00007ffe04520000 - 0x00007ffe0452e000 	C:\Windows\System32\winrnr.dll
0x00007ffe187f0000 - 0x00007ffe1880c000 	C:\Windows\system32\NLAapi.dll
0x00007ffe173b0000 - 0x00007ffe173c5000 	C:\Windows\system32\wshbth.dll
0x0000000069020000 - 0x0000000069044000 	D:\Program Files\Java\jdk1.8.0_144\jre\bin\sunec.dll
0x0000000069010000 - 0x000000006901b000 	D:\Program Files\Java\jdk1.8.0_144\jre\bin\sunmscapi.dll
0x00007ffe1c100000 - 0x00007ffe1c249000 	C:\Windows\System32\CRYPT32.dll
0x00007ffe1c030000 - 0x00007ffe1c042000 	C:\Windows\System32\MSASN1.dll

VM Arguments:
jvm_args: -agentlib:jdwp=transport=dt_socket,address=127.0.0.1:57872,suspend=y,server=n -XX:TieredStopAtLevel=1 -Xverify:none -Dspring.output.ansi.enabled=always -Dcom.sun.management.jmxremote -Dspring.jmx.enabled=true -Dspring.liveBeansView.mbeanDomain -Dspring.application.admin.enabled=true -javaagent:C:\Users\Hasee\AppData\Local\JetBrains\IntelliJIdea2020.1\captureAgent\debugger-agent.jar -Dfile.encoding=UTF-8 
java_command: cc.mrbird.febs.server.system.FebsServerSystemApplication
java_class_path (initial): D:\Program Files\Java\jdk1.8.0_144\jre\lib\charsets.jar;D:\Program Files\Java\jdk1.8.0_144\jre\lib\deploy.jar;D:\Program Files\Java\jdk1.8.0_144\jre\lib\ext\access-bridge-64.jar;D:\Program Files\Java\jdk1.8.0_144\jre\lib\ext\cldrdata.jar;D:\Program Files\Java\jdk1.8.0_144\jre\lib\ext\dnsns.jar;D:\Program Files\Java\jdk1.8.0_144\jre\lib\ext\jaccess.jar;D:\Program Files\Java\jdk1.8.0_144\jre\lib\ext\jfxrt.jar;D:\Program Files\Java\jdk1.8.0_144\jre\lib\ext\localedata.jar;D:\Program Files\Java\jdk1.8.0_144\jre\lib\ext\nashorn.jar;D:\Program Files\Java\jdk1.8.0_144\jre\lib\ext\sunec.jar;D:\Program Files\Java\jdk1.8.0_144\jre\lib\ext\sunjce_provider.jar;D:\Program Files\Java\jdk1.8.0_144\jre\lib\ext\sunmscapi.jar;D:\Program Files\Java\jdk1.8.0_144\jre\lib\ext\sunpkcs11.jar;D:\Program Files\Java\jdk1.8.0_144\jre\lib\ext\zipfs.jar;D:\Program Files\Java\jdk1.8.0_144\jre\lib\javaws.jar;D:\Program Files\Java\jdk1.8.0_144\jre\lib\jce.jar;D:\Program Files\Java\jdk1.8.0_144\jre\lib\jfr.jar;D:\Program Files\Java\jdk1.8.0_144\jre\lib\jfxswt.jar;D:\Program Files\Java\jdk1.8.0_144\jre\lib\jsse.jar;D:\Program Files\Java\jdk1.8.0_144\jre\lib\management-agent.jar;D:\Program Files\Java\jdk1.8.0_144\jre\lib\plugin.jar;D:\Program Files\Java\jdk1.8.0_144\jre\lib\resources.jar;D:\Program Files\Java\jdk1.8.0_144\jre\lib\rt.jar;D:\workspace\FEBS-Cloud\febs-server\febs-server-system\target\classes;D:\workspace\FEBS-Cloud\febs-common\febs-common-datasource-starter\target\classes;D:\workspace\FEBS-Cloud\febs-common\febs-common-core\target\classes;C:\Users\Hasee\.m2\repository\io\projectreactor\reactor-core\3.3.0.RELEASE\reactor-core-3.3.0.RELEASE.jar;C:\Users\Hasee\.m2\repository\org\reactivestreams\reactive-streams\1.0.3\reactive-streams-1.0.3.jar;C:\Users\Hasee\.m2\repository\org\projectlombok\lombok\1.18.10\lombok-1.18.10.jar;C:\Users\Hasee\.m2\repository\xml-apis\xml-apis\1.4.01\xml-apis-1.4.01.jar;C:\Users\Hasee\.m2\repository\org\lionsoul\ip2region\1.7\ip2region
Launcher Type: SUN_STANDARD

Environment Variables:
JAVA_HOME=D:\Program Files\Java\jdk1.8.0_144
CLASSPATH=D:\Program Files\Java\jdk1.8.0_144\lib\dt.jar;D:\Program Files\Java\jdk1.8.0_144\lib\tools.jar
PATH=D:\app\Hasee\product\11.2.0\dbhome_1\bin;C:\ProgramData\Oracle\Java\javapath;C:\Windows\system32;C:\Windows;C:\Windows\System32\Wbem;C:\Windows\System32\WindowsPowerShell\v1.0\;C:\Windows\System32\OpenSSH\;C:\Program Files (x86)\NVIDIA Corporation\PhysX\Common;C:\Program Files\NVIDIA Corporation\NVIDIA NvDLISR;C:\Program Files\Intel\WiFi\bin\;C:\Program Files\Common Files\Intel\WirelessCommon\;D:\Program Files\Java\jdk1.8.0_144\bin;D:\Program Files\jre\bin;D:\apache-maven-3.3.9-bin\apache-maven-3.3.9\bin;D:\Program Files\MySQL\MySQL Server 5.5\bin;D:\Program Files\TortoiseSVN\bin;D:\Program Files\Git\cmd;D:\nodejs\;C:\Program Files\MySQL\MySQL Utilities 1.6\;C:\Users\Hasee\AppData\Local\Microsoft\WindowsApps;;D:\IntelliJ IDEA 2020.1.3\bin;;D:\WebStorm 2019.2.2\bin;;C:\Users\Hasee\AppData\Roaming\npm;D:\VSCode\bin
USERNAME=Hasee
OS=Windows_NT
PROCESSOR_IDENTIFIER=Intel64 Family 6 Model 158 Stepping 10, GenuineIntel



---------------  S Y S T E M  ---------------

OS: Windows 10.0 , 64 bit Build 18362 (10.0.18362.1110)

CPU:total 12 (initial active 12) (6 cores per cpu, 2 threads per core) family 6 model 158 stepping 10, cmov, cx8, fxsr, mmx, sse, sse2, sse3, ssse3, sse4.1, sse4.2, popcnt, avx, avx2, aes, clmul, erms, 3dnowpref, lzcnt, ht, tsc, tscinvbit, bmi1, bmi2, adx

Memory: 4k page, physical 16610356k(1797272k free), swap 29717808k(2552k free)

vm_info: Java HotSpot(TM) 64-Bit Server VM (25.144-b01) for windows-amd64 JRE (1.8.0_144-b01), built on Jul 21 2017 21:57:33 by "java_re" with MS VC++ 10.0 (VS2010)

time: Tue Nov 03 16:41:17 2020
elapsed time: 8 seconds (0d 0h 0m 8s)

