#
# There is insufficient memory for the Java Runtime Environment to continue.
# Native memory allocation (malloc) failed to allocate 32744 bytes for ChunkPool::allocate
# Possible reasons:
#   The system is out of physical RAM or swap space
#   In 32 bit mode, the process size limit was hit
# Possible solutions:
#   Reduce memory load on the system
#   Increase physical memory or swap space
#   Check if swap backing store is full
#   Use 64 bit Java on a 64 bit OS
#   Decrease Java heap size (-Xmx/-Xms)
#   Decrease number of Java threads
#   Decrease Java thread stack sizes (-Xss)
#   Set larger code cache with -XX:ReservedCodeCacheSize=
# This output file may be truncated or incomplete.
#
#  Out of Memory Error (allocation.cpp:273), pid=22088, tid=0x0000000000003f6c
#
# JRE version: Java(TM) SE Runtime Environment (8.0_144-b01) (build 1.8.0_144-b01)
# Java VM: Java HotSpot(TM) 64-Bit Server VM (25.144-b01 mixed mode windows-amd64 compressed oops)
# Failed to write core dump. Minidumps are not enabled by default on client versions of Windows
#

---------------  T H R E A D  ---------------

Current thread (0x0000000020925800):  JavaThread "C1 CompilerThread3" daemon [_thread_in_native, id=16236, stack(0x0000000020e00000,0x0000000020f00000)]

Stack: [0x0000000020e00000,0x0000000020f00000]
[error occurred during error reporting (printing stack bounds), id 0xc0000005]

Native frames: (J=compiled Java code, j=interpreted, Vv=VM code, C=native code)


Current CompileTask:
C1:   6974 4451       1       com.sun.crypto.provider.AESCrypt::decryptBlock (3852 bytes)


---------------  P R O C E S S  ---------------

Java Threads: ( => current thread )
  0x0000000021445800 JavaThread "job housekeeper" daemon [_thread_blocked, id=23060, stack(0x0000000025c50000,0x0000000025d50000)]
  0x0000000021441000 JavaThread "base housekeeper" daemon [_thread_blocked, id=21752, stack(0x0000000025d50000,0x0000000025e50000)]
  0x0000000024354000 JavaThread "mysql-cj-abandoned-connection-cleanup" daemon [_thread_blocked, id=22896, stack(0x0000000025750000,0x0000000025850000)]
  0x000000002177f000 JavaThread "spring.cloud.inetutils" daemon [_thread_blocked, id=17460, stack(0x0000000025650000,0x0000000025750000)]
  0x0000000023e16800 JavaThread "RMI TCP Connection(3)-192.168.24.1" daemon [_thread_in_native, id=17896, stack(0x0000000024d50000,0x0000000024e50000)]
  0x0000000021b32000 JavaThread "logback-4" daemon [_thread_blocked, id=21000, stack(0x0000000022480000,0x0000000022580000)]
  0x0000000021b89000 JavaThread "Keep-Alive-Timer" daemon [_thread_blocked, id=17304, stack(0x0000000023a80000,0x0000000023b80000)]
  0x0000000021b47800 JavaThread "com.alibaba.nacos.client.Worker.fixed-192.168.24.133_8001" daemon [_thread_blocked, id=22692, stack(0x0000000023680000,0x0000000023780000)]
  0x0000000021b46800 JavaThread "Timer-0" daemon [_thread_blocked, id=22868, stack(0x0000000023580000,0x0000000023680000)]
  0x00000000214ac000 JavaThread "RMI Scheduler(0)" daemon [_thread_blocked, id=22244, stack(0x0000000022980000,0x0000000022a80000)]
  0x0000000021463000 JavaThread "RMI TCP Connection(2)-192.168.24.1" daemon [_thread_in_native, id=10852, stack(0x0000000022780000,0x0000000022880000)]
  0x000000002114d000 JavaThread "RMI TCP Accept-0" daemon [_thread_in_native, id=8636, stack(0x0000000021fd0000,0x00000000220d0000)]
  0x00000000209c1800 JavaThread "Service Thread" daemon [_thread_blocked, id=19996, stack(0x0000000020f00000,0x0000000021000000)]
=>0x0000000020925800 JavaThread "C1 CompilerThread3" daemon [_thread_in_native, id=16236, stack(0x0000000020e00000,0x0000000020f00000)]
  0x0000000020923000 JavaThread "C2 CompilerThread2" daemon [_thread_blocked, id=3652, stack(0x0000000020d00000,0x0000000020e00000)]
  0x0000000020922000 JavaThread "C2 CompilerThread1" daemon [_thread_blocked, id=9008, stack(0x0000000020c00000,0x0000000020d00000)]
  0x00000000208f7800 JavaThread "C2 CompilerThread0" daemon [_thread_blocked, id=11136, stack(0x0000000020b00000,0x0000000020c00000)]
  0x000000001eb3e000 JavaThread "JDWP Command Reader" daemon [_thread_in_native, id=13304, stack(0x0000000020200000,0x0000000020300000)]
  0x000000001eb39000 JavaThread "JDWP Event Helper Thread" daemon [_thread_blocked, id=23304, stack(0x0000000020100000,0x0000000020200000)]
  0x000000001eb36800 JavaThread "JDWP Transport Listener: dt_socket" daemon [_thread_blocked, id=19756, stack(0x0000000020000000,0x0000000020100000)]
  0x000000001eb21000 JavaThread "Attach Listener" daemon [_thread_blocked, id=11396, stack(0x000000001ff00000,0x0000000020000000)]
  0x000000001eac9000 JavaThread "Signal Dispatcher" daemon [_thread_blocked, id=972, stack(0x000000001fe00000,0x000000001ff00000)]
  0x000000001eaa3800 JavaThread "Finalizer" daemon [_thread_blocked, id=22580, stack(0x000000001fd00000,0x000000001fe00000)]
  0x000000001d3d5800 JavaThread "Reference Handler" daemon [_thread_blocked, id=9880, stack(0x000000001fc00000,0x000000001fd00000)]
  0x000000000355a800 JavaThread "main" [_thread_in_Java, id=24436, stack(0x0000000003450000,0x0000000003550000)]

Other Threads:
  0x000000001ea82800 VMThread [stack: 0x000000001fb00000,0x000000001fc00000] [id=22936]
  0x000000002115a000 WatcherThread [stack: 0x00000000220d0000,0x00000000221d0000] [id=14900]

VM state:not at safepoint (normal execution)

VM Mutex/Monitor currently owned by a thread: None

Heap:
 PSYoungGen      total 222720K, used 179016K [0x000000076b800000, 0x000000077c600000, 0x00000007c0000000)
  eden space 214016K, 83% used [0x000000076b800000,0x00000007766d2160,0x0000000778900000)
  from space 8704K, 0% used [0x000000077b500000,0x000000077b500000,0x000000077bd80000)
  to   space 7680K, 0% used [0x000000077be80000,0x000000077be80000,0x000000077c600000)
 ParOldGen       total 92672K, used 16691K [0x00000006c2800000, 0x00000006c8280000, 0x000000076b800000)
  object space 92672K, 18% used [0x00000006c2800000,0x00000006c384cf60,0x00000006c8280000)
 Metaspace       used 41853K, capacity 43874K, committed 44160K, reserved 1087488K
  class space    used 5565K, capacity 5959K, committed 6016K, reserved 1048576K

Card table byte_map: [0x0000000012bf0000,0x00000000133e0000] byte_map_base: 0x000000000f5dc000

Marking Bits: (ParMarkBitMap*) 0x0000000068a0d850
 Begin Bits: [0x0000000014330000, 0x0000000018290000)
 End Bits:   [0x0000000018290000, 0x000000001c1f0000)

Polling page: 0x0000000000dd0000

CodeCache: size=245760Kb used=9213Kb max_used=9213Kb free=236546Kb
 bounds [0x0000000003830000, 0x0000000004130000, 0x0000000012830000]
 total_blobs=4974 nmethods=4450 adapters=444
 compilation: enabled

Compilation events (10 events):
Event: 6.954 Thread 0x0000000020925800 nmethod 4447 0x000000000412d8d0 code [0x000000000412da20, 0x000000000412db30]
Event: 6.954 Thread 0x0000000020925800 4446       1       sun.security.provider.SHA::implReset (41 bytes)
Event: 6.954 Thread 0x0000000020925800 nmethod 4446 0x000000000412db90 code [0x000000000412dce0, 0x000000000412deb0]
Event: 6.954 Thread 0x0000000020925800 4448       1       sun.security.provider.SHA::implDigest (96 bytes)
Event: 6.954 Thread 0x0000000020925800 nmethod 4448 0x000000000412dfd0 code [0x000000000412e160, 0x000000000412e3e8]
Event: 6.960 Thread 0x0000000020925800 4449       1       java.lang.Long::stringSize (38 bytes)
Event: 6.960 Thread 0x0000000020925800 nmethod 4449 0x000000000412e510 code [0x000000000412e660, 0x000000000412e7b0]
Event: 6.960 Thread 0x0000000020925800 4450       1       java.lang.Long::getChars (221 bytes)
Event: 6.961 Thread 0x0000000020925800 nmethod 4450 0x000000000412e850 code [0x000000000412ea00, 0x000000000412ee30]
Event: 6.962 Thread 0x0000000020925800 4451       1       com.sun.crypto.provider.AESCrypt::decryptBlock (3852 bytes)

GC Heap History (10 events):
Event: 3.365 GC heap before
{Heap before GC invocations=7 (full 1):
 PSYoungGen      total 140800K, used 130048K [0x000000076b800000, 0x000000077c700000, 0x00000007c0000000)
  eden space 130048K, 100% used [0x000000076b800000,0x0000000773700000,0x0000000773700000)
  from space 10752K, 0% used [0x0000000773700000,0x0000000773700000,0x0000000774180000)
  to   space 8704K, 0% used [0x000000077be80000,0x000000077be80000,0x000000077c700000)
 ParOldGen       total 92672K, used 7103K [0x00000006c2800000, 0x00000006c8280000, 0x000000076b800000)
  object space 92672K, 7% used [0x00000006c2800000,0x00000006c2eefc88,0x00000006c8280000)
 Metaspace       used 25907K, capacity 26892K, committed 27008K, reserved 1073152K
  class space    used 3440K, capacity 3684K, committed 3712K, reserved 1048576K
Event: 3.371 GC heap after
Heap after GC invocations=7 (full 1):
 PSYoungGen      total 221696K, used 7392K [0x000000076b800000, 0x000000077c600000, 0x00000007c0000000)
  eden space 214016K, 0% used [0x000000076b800000,0x000000076b800000,0x0000000778900000)
  from space 7680K, 96% used [0x000000077be80000,0x000000077c5b81d8,0x000000077c600000)
  to   space 8704K, 0% used [0x000000077b500000,0x000000077b500000,0x000000077bd80000)
 ParOldGen       total 92672K, used 7111K [0x00000006c2800000, 0x00000006c8280000, 0x000000076b800000)
  object space 92672K, 7% used [0x00000006c2800000,0x00000006c2ef1c88,0x00000006c8280000)
 Metaspace       used 25907K, capacity 26892K, committed 27008K, reserved 1073152K
  class space    used 3440K, capacity 3684K, committed 3712K, reserved 1048576K
}
Event: 4.127 GC heap before
{Heap before GC invocations=8 (full 1):
 PSYoungGen      total 221696K, used 221408K [0x000000076b800000, 0x000000077c600000, 0x00000007c0000000)
  eden space 214016K, 100% used [0x000000076b800000,0x0000000778900000,0x0000000778900000)
  from space 7680K, 96% used [0x000000077be80000,0x000000077c5b81d8,0x000000077c600000)
  to   space 8704K, 0% used [0x000000077b500000,0x000000077b500000,0x000000077bd80000)
 ParOldGen       total 92672K, used 7111K [0x00000006c2800000, 0x00000006c8280000, 0x000000076b800000)
  object space 92672K, 7% used [0x00000006c2800000,0x00000006c2ef1c88,0x00000006c8280000)
 Metaspace       used 28473K, capacity 29626K, committed 29696K, reserved 1075200K
  class space    used 3802K, capacity 4051K, committed 4096K, reserved 1048576K
Event: 4.137 GC heap after
Heap after GC invocations=8 (full 1):
 PSYoungGen      total 222720K, used 8690K [0x000000076b800000, 0x000000077c600000, 0x00000007c0000000)
  eden space 214016K, 0% used [0x000000076b800000,0x000000076b800000,0x0000000778900000)
  from space 8704K, 99% used [0x000000077b500000,0x000000077bd7c8a8,0x000000077bd80000)
  to   space 7680K, 0% used [0x000000077be80000,0x000000077be80000,0x000000077c600000)
 ParOldGen       total 92672K, used 11510K [0x00000006c2800000, 0x00000006c8280000, 0x000000076b800000)
  object space 92672K, 12% used [0x00000006c2800000,0x00000006c333d858,0x00000006c8280000)
 Metaspace       used 28473K, capacity 29626K, committed 29696K, reserved 1075200K
  class space    used 3802K, capacity 4051K, committed 4096K, reserved 1048576K
}
Event: 5.136 GC heap before
{Heap before GC invocations=9 (full 1):
 PSYoungGen      total 222720K, used 222706K [0x000000076b800000, 0x000000077c600000, 0x00000007c0000000)
  eden space 214016K, 100% used [0x000000076b800000,0x0000000778900000,0x0000000778900000)
  from space 8704K, 99% used [0x000000077b500000,0x000000077bd7c8a8,0x000000077bd80000)
  to   space 7680K, 0% used [0x000000077be80000,0x000000077be80000,0x000000077c600000)
 ParOldGen       total 92672K, used 11510K [0x00000006c2800000, 0x00000006c8280000, 0x000000076b800000)
  object space 92672K, 12% used [0x00000006c2800000,0x00000006c333d858,0x00000006c8280000)
 Metaspace       used 33896K, capacity 35210K, committed 35328K, reserved 1079296K
  class space    used 4590K, capacity 4861K, committed 4864K, reserved 1048576K
Event: 5.148 GC heap after
Heap after GC invocations=9 (full 1):
 PSYoungGen      total 221696K, used 7665K [0x000000076b800000, 0x000000077c600000, 0x00000007c0000000)
  eden space 214016K, 0% used [0x000000076b800000,0x000000076b800000,0x0000000778900000)
  from space 7680K, 99% used [0x000000077be80000,0x000000077c5fc798,0x000000077c600000)
  to   space 8704K, 0% used [0x000000077b500000,0x000000077b500000,0x000000077bd80000)
 ParOldGen       total 92672K, used 20466K [0x00000006c2800000, 0x00000006c8280000, 0x000000076b800000)
  object space 92672K, 22% used [0x00000006c2800000,0x00000006c3bfc938,0x00000006c8280000)
 Metaspace       used 33896K, capacity 35210K, committed 35328K, reserved 1079296K
  class space    used 4590K, capacity 4861K, committed 4864K, reserved 1048576K
}
Event: 5.169 GC heap before
{Heap before GC invocations=10 (full 1):
 PSYoungGen      total 221696K, used 11472K [0x000000076b800000, 0x000000077c600000, 0x00000007c0000000)
  eden space 214016K, 1% used [0x000000076b800000,0x000000076bbb7920,0x0000000778900000)
  from space 7680K, 99% used [0x000000077be80000,0x000000077c5fc798,0x000000077c600000)
  to   space 8704K, 0% used [0x000000077b500000,0x000000077b500000,0x000000077bd80000)
 ParOldGen       total 92672K, used 20466K [0x00000006c2800000, 0x00000006c8280000, 0x000000076b800000)
  object space 92672K, 22% used [0x00000006c2800000,0x00000006c3bfc938,0x00000006c8280000)
 Metaspace       used 33978K, capacity 35320K, committed 35456K, reserved 1079296K
  class space    used 4600K, capacity 4896K, committed 4992K, reserved 1048576K
Event: 5.178 GC heap after
Heap after GC invocations=10 (full 1):
 PSYoungGen      total 222720K, used 6178K [0x000000076b800000, 0x000000077c600000, 0x00000007c0000000)
  eden space 214016K, 0% used [0x000000076b800000,0x000000076b800000,0x0000000778900000)
  from space 8704K, 70% used [0x000000077b500000,0x000000077bb088a0,0x000000077bd80000)
  to   space 7680K, 0% used [0x000000077be80000,0x000000077be80000,0x000000077c600000)
 ParOldGen       total 92672K, used 22300K [0x00000006c2800000, 0x00000006c8280000, 0x000000076b800000)
  object space 92672K, 24% used [0x00000006c2800000,0x00000006c3dc70d0,0x00000006c8280000)
 Metaspace       used 33978K, capacity 35320K, committed 35456K, reserved 1079296K
  class space    used 4600K, capacity 4896K, committed 4992K, reserved 1048576K
}
Event: 5.178 GC heap before
{Heap before GC invocations=11 (full 2):
 PSYoungGen      total 222720K, used 6178K [0x000000076b800000, 0x000000077c600000, 0x00000007c0000000)
  eden space 214016K, 0% used [0x000000076b800000,0x000000076b800000,0x0000000778900000)
  from space 8704K, 70% used [0x000000077b500000,0x000000077bb088a0,0x000000077bd80000)
  to   space 7680K, 0% used [0x000000077be80000,0x000000077be80000,0x000000077c600000)
 ParOldGen       total 92672K, used 22300K [0x00000006c2800000, 0x00000006c8280000, 0x000000076b800000)
  object space 92672K, 24% used [0x00000006c2800000,0x00000006c3dc70d0,0x00000006c8280000)
 Metaspace       used 33978K, capacity 35320K, committed 35456K, reserved 1079296K
  class space    used 4600K, capacity 4896K, committed 4992K, reserved 1048576K
Event: 5.224 GC heap after
Heap after GC invocations=11 (full 2):
 PSYoungGen      total 222720K, used 0K [0x000000076b800000, 0x000000077c600000, 0x00000007c0000000)
  eden space 214016K, 0% used [0x000000076b800000,0x000000076b800000,0x0000000778900000)
  from space 8704K, 0% used [0x000000077b500000,0x000000077b500000,0x000000077bd80000)
  to   space 7680K, 0% used [0x000000077be80000,0x000000077be80000,0x000000077c600000)
 ParOldGen       total 92672K, used 16691K [0x00000006c2800000, 0x00000006c8280000, 0x000000076b800000)
  object space 92672K, 18% used [0x00000006c2800000,0x00000006c384cf60,0x00000006c8280000)
 Metaspace       used 33978K, capacity 35320K, committed 35456K, reserved 1079296K
  class space    used 4600K, capacity 4896K, committed 4992K, reserved 1048576K
}

Deoptimization events (0 events):
No events

Internal exceptions (10 events):
Event: 6.191 Thread 0x000000000355a800 Exception <a 'java/lang/ArrayIndexOutOfBoundsException'> (0x0000000772e67478) thrown at [C:\re\workspace\8-2-build-windows-amd64-cygwin\jdk8u144\9417\hotspot\src\share\vm\runtime\sharedRuntime.cpp, line 605]
Event: 6.191 Thread 0x000000000355a800 Exception <a 'java/lang/ArrayIndexOutOfBoundsException'> (0x0000000772e6a2b0) thrown at [C:\re\workspace\8-2-build-windows-amd64-cygwin\jdk8u144\9417\hotspot\src\share\vm\runtime\sharedRuntime.cpp, line 605]
Event: 6.200 Thread 0x000000000355a800 Exception <a 'java/lang/ArrayIndexOutOfBoundsException'> (0x0000000772f400f8) thrown at [C:\re\workspace\8-2-build-windows-amd64-cygwin\jdk8u144\9417\hotspot\src\share\vm\runtime\sharedRuntime.cpp, line 605]
Event: 6.200 Thread 0x000000000355a800 Exception <a 'java/lang/ArrayIndexOutOfBoundsException'> (0x0000000772f45830) thrown at [C:\re\workspace\8-2-build-windows-amd64-cygwin\jdk8u144\9417\hotspot\src\share\vm\runtime\sharedRuntime.cpp, line 605]
Event: 6.202 Thread 0x000000000355a800 Exception <a 'java/lang/ArrayIndexOutOfBoundsException'> (0x0000000772f895e8) thrown at [C:\re\workspace\8-2-build-windows-amd64-cygwin\jdk8u144\9417\hotspot\src\share\vm\runtime\sharedRuntime.cpp, line 605]
Event: 6.203 Thread 0x000000000355a800 Exception <a 'java/lang/ArrayIndexOutOfBoundsException'> (0x0000000772fa0750) thrown at [C:\re\workspace\8-2-build-windows-amd64-cygwin\jdk8u144\9417\hotspot\src\share\vm\runtime\sharedRuntime.cpp, line 605]
Event: 6.220 Thread 0x000000000355a800 Exception <a 'java/lang/ArrayIndexOutOfBoundsException'> (0x0000000773379a68) thrown at [C:\re\workspace\8-2-build-windows-amd64-cygwin\jdk8u144\9417\hotspot\src\share\vm\runtime\sharedRuntime.cpp, line 605]
Event: 6.368 Thread 0x0000000023e16800 Exception <a 'java/lang/reflect/InvocationTargetException'> (0x000000076cf39ff0) thrown at [C:\re\workspace\8-2-build-windows-amd64-cygwin\jdk8u144\9417\hotspot\src\share\vm\runtime\reflection.cpp, line 1092]
Event: 6.873 Thread 0x0000000023e16800 Exception <a 'java/lang/reflect/InvocationTargetException'> (0x000000076cf47ba0) thrown at [C:\re\workspace\8-2-build-windows-amd64-cygwin\jdk8u144\9417\hotspot\src\share\vm\runtime\reflection.cpp, line 1092]
Event: 6.968 Thread 0x000000000355a800 Exception <a 'java/lang/ArrayIndexOutOfBoundsException'> (0x0000000776396c68) thrown at [C:\re\workspace\8-2-build-windows-amd64-cygwin\jdk8u144\9417\hotspot\src\share\vm\runtime\sharedRuntime.cpp, line 605]

Events (10 events):
Event: 6.968 Thread 0x000000000355a800 DEOPT PACKING pc=0x00000000039604f8 sp=0x0000000003547480
Event: 6.968 Thread 0x000000000355a800 DEOPT UNPACKING pc=0x000000000387787f sp=0x00000000035471a8 mode 1
Event: 6.969 loading class org/springframework/boot/jdbc/EmbeddedDatabaseConnection
Event: 6.969 loading class org/springframework/boot/jdbc/EmbeddedDatabaseConnection done
Event: 6.969 Thread 0x000000000355a800 DEOPT PACKING pc=0x0000000003a52dd1 sp=0x00000000035455b0
Event: 6.969 Thread 0x000000000355a800 DEOPT UNPACKING pc=0x000000000387787f sp=0x0000000003545300 mode 1
Event: 6.969 Thread 0x000000000355a800 DEOPT PACKING pc=0x0000000003a04b04 sp=0x0000000003545630
Event: 6.969 Thread 0x000000000355a800 DEOPT UNPACKING pc=0x000000000387787f sp=0x0000000003545450 mode 1
Event: 6.969 Thread 0x000000000355a800 DEOPT PACKING pc=0x0000000003a04a4c sp=0x00000000035457c0
Event: 6.969 Thread 0x000000000355a800 DEOPT UNPACKING pc=0x000000000387787f sp=0x00000000035455e0 mode 1


Dynamic libraries:
0x00007ff67d0f0000 - 0x00007ff67d127000 	D:\Program Files\Java\jdk1.8.0_144\bin\java.exe
0x00007ffe1f0c0000 - 0x00007ffe1f2b0000 	C:\Windows\SYSTEM32\ntdll.dll
0x00007ffe1da60000 - 0x00007ffe1db12000 	C:\Windows\System32\KERNEL32.DLL
0x00007ffe1ca80000 - 0x00007ffe1cd25000 	C:\Windows\System32\KERNELBASE.dll
0x00007ffe1d920000 - 0x00007ffe1d9c3000 	C:\Windows\System32\ADVAPI32.dll
0x00007ffe1db30000 - 0x00007ffe1dbce000 	C:\Windows\System32\msvcrt.dll
0x00007ffe1e600000 - 0x00007ffe1e697000 	C:\Windows\System32\sechost.dll
0x00007ffe1e890000 - 0x00007ffe1e9b0000 	C:\Windows\System32\RPCRT4.dll
0x00007ffe1e320000 - 0x00007ffe1e4b4000 	C:\Windows\System32\USER32.dll
0x00007ffe1d140000 - 0x00007ffe1d161000 	C:\Windows\System32\win32u.dll
0x00007ffe1eb60000 - 0x00007ffe1eb86000 	C:\Windows\System32\GDI32.dll
0x00007ffe1ce30000 - 0x00007ffe1cfc6000 	C:\Windows\System32\gdi32full.dll
0x00007ffe1d070000 - 0x00007ffe1d10e000 	C:\Windows\System32\msvcp_win.dll
0x00007ffe1cd30000 - 0x00007ffe1ce2a000 	C:\Windows\System32\ucrtbase.dll
0x00007ffe0e4d0000 - 0x00007ffe0e754000 	C:\Windows\WinSxS\amd64_microsoft.windows.common-controls_6595b64144ccf1df_6.0.18362.1139_none_9e7bf2d3e4605ac6\COMCTL32.dll
0x00007ffe1eb90000 - 0x00007ffe1eec5000 	C:\Windows\System32\combase.dll
0x00007ffe1cfd0000 - 0x00007ffe1d050000 	C:\Windows\System32\bcryptPrimitives.dll
0x00007ffe1e6a0000 - 0x00007ffe1e6ce000 	C:\Windows\System32\IMM32.DLL
0x0000000069180000 - 0x0000000069252000 	D:\Program Files\Java\jdk1.8.0_144\jre\bin\msvcr100.dll
0x00000000681f0000 - 0x0000000068a8d000 	D:\Program Files\Java\jdk1.8.0_144\jre\bin\server\jvm.dll
0x00007ffe1d730000 - 0x00007ffe1d738000 	C:\Windows\System32\PSAPI.DLL
0x00007ffe03600000 - 0x00007ffe03609000 	C:\Windows\SYSTEM32\WSOCK32.dll
0x00007ffe1b170000 - 0x00007ffe1b17a000 	C:\Windows\SYSTEM32\VERSION.dll
0x00007ffe19d90000 - 0x00007ffe19db4000 	C:\Windows\SYSTEM32\WINMM.dll
0x00007ffe1d9d0000 - 0x00007ffe1da3f000 	C:\Windows\System32\WS2_32.dll
0x00007ffe19d60000 - 0x00007ffe19d8d000 	C:\Windows\SYSTEM32\winmmbase.dll
0x00007ffe1ca30000 - 0x00007ffe1ca7a000 	C:\Windows\System32\cfgmgr32.dll
0x00000000697a0000 - 0x00000000697af000 	D:\Program Files\Java\jdk1.8.0_144\jre\bin\verify.dll
0x0000000069150000 - 0x0000000069179000 	D:\Program Files\Java\jdk1.8.0_144\jre\bin\java.dll
0x00000000690f0000 - 0x0000000069125000 	D:\Program Files\Java\jdk1.8.0_144\jre\bin\jdwp.dll
0x00000000690e0000 - 0x00000000690e8000 	D:\Program Files\Java\jdk1.8.0_144\jre\bin\npt.dll
0x00000000690b0000 - 0x00000000690d3000 	D:\Program Files\Java\jdk1.8.0_144\jre\bin\instrument.dll
0x0000000069130000 - 0x0000000069146000 	D:\Program Files\Java\jdk1.8.0_144\jre\bin\zip.dll
0x00007ffe1dc30000 - 0x00007ffe1e317000 	C:\Windows\System32\SHELL32.dll
0x00007ffe1eab0000 - 0x00007ffe1eb59000 	C:\Windows\System32\shcore.dll
0x00007ffe1c250000 - 0x00007ffe1c9d0000 	C:\Windows\System32\windows.storage.dll
0x00007ffe1bf90000 - 0x00007ffe1bfb3000 	C:\Windows\System32\profapi.dll
0x00007ffe1bfe0000 - 0x00007ffe1c02a000 	C:\Windows\System32\powrprof.dll
0x00007ffe1bf80000 - 0x00007ffe1bf90000 	C:\Windows\System32\UMPDC.dll
0x00007ffe1d740000 - 0x00007ffe1d792000 	C:\Windows\System32\shlwapi.dll
0x00007ffe1bfc0000 - 0x00007ffe1bfd1000 	C:\Windows\System32\kernel.appcore.dll
0x00007ffe1d050000 - 0x00007ffe1d067000 	C:\Windows\System32\cryptsp.dll
0x0000000069060000 - 0x0000000069069000 	D:\Program Files\Java\jdk1.8.0_144\jre\bin\dt_socket.dll
0x00007ffe1b7d0000 - 0x00007ffe1b837000 	C:\Windows\system32\mswsock.dll
0x0000000069090000 - 0x00000000690aa000 	D:\Program Files\Java\jdk1.8.0_144\jre\bin\net.dll
0x00007ffe1b520000 - 0x00007ffe1b5eb000 	C:\Windows\SYSTEM32\DNSAPI.dll
0x00007ffe1d170000 - 0x00007ffe1d178000 	C:\Windows\System32\NSI.dll
0x00007ffe1b4e0000 - 0x00007ffe1b51a000 	C:\Windows\SYSTEM32\IPHLPAPI.DLL
0x00007ffe11870000 - 0x00007ffe1187a000 	C:\Windows\System32\rasadhlp.dll
0x00007ffe14190000 - 0x00007ffe14207000 	C:\Windows\System32\fwpuclnt.dll
0x00007ffe1d110000 - 0x00007ffe1d136000 	C:\Windows\System32\bcrypt.dll
0x0000000069050000 - 0x000000006905d000 	D:\Program Files\Java\jdk1.8.0_144\jre\bin\management.dll
0x0000000069070000 - 0x0000000069081000 	D:\Program Files\Java\jdk1.8.0_144\jre\bin\nio.dll
0x00007ffe1b340000 - 0x00007ffe1b373000 	C:\Windows\system32\rsaenh.dll
0x00007ffe1bea0000 - 0x00007ffe1bec5000 	C:\Windows\SYSTEM32\USERENV.dll
0x00007ffe1b9a0000 - 0x00007ffe1b9ac000 	C:\Windows\SYSTEM32\CRYPTBASE.dll
0x00007ffe14990000 - 0x00007ffe149a6000 	C:\Windows\SYSTEM32\dhcpcsvc6.DLL
0x00007ffe14970000 - 0x00007ffe1498c000 	C:\Windows\SYSTEM32\dhcpcsvc.DLL
0x00007ffe030a0000 - 0x00007ffe030b6000 	C:\Windows\system32\napinsp.dll
0x00007ffe02fa0000 - 0x00007ffe02fba000 	C:\Windows\system32\pnrpnsp.dll
0x00007ffe04520000 - 0x00007ffe0452e000 	C:\Windows\System32\winrnr.dll
0x00007ffe187f0000 - 0x00007ffe1880c000 	C:\Windows\system32\NLAapi.dll
0x00007ffe173b0000 - 0x00007ffe173c5000 	C:\Windows\system32\wshbth.dll
0x0000000069020000 - 0x0000000069044000 	D:\Program Files\Java\jdk1.8.0_144\jre\bin\sunec.dll
0x0000000069010000 - 0x000000006901b000 	D:\Program Files\Java\jdk1.8.0_144\jre\bin\sunmscapi.dll
0x00007ffe1c100000 - 0x00007ffe1c249000 	C:\Windows\System32\CRYPT32.dll
0x00007ffe1c030000 - 0x00007ffe1c042000 	C:\Windows\System32\MSASN1.dll

VM Arguments:
jvm_args: -agentlib:jdwp=transport=dt_socket,address=127.0.0.1:57615,suspend=y,server=n -XX:TieredStopAtLevel=1 -Xverify:none -Dspring.output.ansi.enabled=always -Dcom.sun.management.jmxremote -Dspring.jmx.enabled=true -Dspring.liveBeansView.mbeanDomain -Dspring.application.admin.enabled=true -javaagent:C:\Users\Hasee\AppData\Local\JetBrains\IntelliJIdea2020.1\captureAgent\debugger-agent.jar -Dfile.encoding=UTF-8 
java_command: cc.mrbird.febs.server.job.FebsServerJobApplication
java_class_path (initial): D:\Program Files\Java\jdk1.8.0_144\jre\lib\charsets.jar;D:\Program Files\Java\jdk1.8.0_144\jre\lib\deploy.jar;D:\Program Files\Java\jdk1.8.0_144\jre\lib\ext\access-bridge-64.jar;D:\Program Files\Java\jdk1.8.0_144\jre\lib\ext\cldrdata.jar;D:\Program Files\Java\jdk1.8.0_144\jre\lib\ext\dnsns.jar;D:\Program Files\Java\jdk1.8.0_144\jre\lib\ext\jaccess.jar;D:\Program Files\Java\jdk1.8.0_144\jre\lib\ext\jfxrt.jar;D:\Program Files\Java\jdk1.8.0_144\jre\lib\ext\localedata.jar;D:\Program Files\Java\jdk1.8.0_144\jre\lib\ext\nashorn.jar;D:\Program Files\Java\jdk1.8.0_144\jre\lib\ext\sunec.jar;D:\Program Files\Java\jdk1.8.0_144\jre\lib\ext\sunjce_provider.jar;D:\Program Files\Java\jdk1.8.0_144\jre\lib\ext\sunmscapi.jar;D:\Program Files\Java\jdk1.8.0_144\jre\lib\ext\sunpkcs11.jar;D:\Program Files\Java\jdk1.8.0_144\jre\lib\ext\zipfs.jar;D:\Program Files\Java\jdk1.8.0_144\jre\lib\javaws.jar;D:\Program Files\Java\jdk1.8.0_144\jre\lib\jce.jar;D:\Program Files\Java\jdk1.8.0_144\jre\lib\jfr.jar;D:\Program Files\Java\jdk1.8.0_144\jre\lib\jfxswt.jar;D:\Program Files\Java\jdk1.8.0_144\jre\lib\jsse.jar;D:\Program Files\Java\jdk1.8.0_144\jre\lib\management-agent.jar;D:\Program Files\Java\jdk1.8.0_144\jre\lib\plugin.jar;D:\Program Files\Java\jdk1.8.0_144\jre\lib\resources.jar;D:\Program Files\Java\jdk1.8.0_144\jre\lib\rt.jar;D:\workspace\FEBS-Cloud\febs-server\febs-server-job\target\classes;D:\workspace\FEBS-Cloud\febs-common\febs-common-datasource-starter\target\classes;D:\workspace\FEBS-Cloud\febs-common\febs-common-core\target\classes;C:\Users\Hasee\.m2\repository\io\projectreactor\reactor-core\3.3.0.RELEASE\reactor-core-3.3.0.RELEASE.jar;C:\Users\Hasee\.m2\repository\org\reactivestreams\reactive-streams\1.0.3\reactive-streams-1.0.3.jar;C:\Users\Hasee\.m2\repository\org\projectlombok\lombok\1.18.10\lombok-1.18.10.jar;C:\Users\Hasee\.m2\repository\com\alibaba\fastjson\1.2.70\fastjson-1.2.70.jar;C:\Users\Hasee\.m2\repository\xml-apis\xml-apis\1.4.01\xml-apis-1.
Launcher Type: SUN_STANDARD

Environment Variables:
JAVA_HOME=D:\Program Files\Java\jdk1.8.0_144
CLASSPATH=D:\Program Files\Java\jdk1.8.0_144\lib\dt.jar;D:\Program Files\Java\jdk1.8.0_144\lib\tools.jar
PATH=D:\app\Hasee\product\11.2.0\dbhome_1\bin;C:\ProgramData\Oracle\Java\javapath;C:\Windows\system32;C:\Windows;C:\Windows\System32\Wbem;C:\Windows\System32\WindowsPowerShell\v1.0\;C:\Windows\System32\OpenSSH\;C:\Program Files (x86)\NVIDIA Corporation\PhysX\Common;C:\Program Files\NVIDIA Corporation\NVIDIA NvDLISR;C:\Program Files\Intel\WiFi\bin\;C:\Program Files\Common Files\Intel\WirelessCommon\;D:\Program Files\Java\jdk1.8.0_144\bin;D:\Program Files\jre\bin;D:\apache-maven-3.3.9-bin\apache-maven-3.3.9\bin;D:\Program Files\MySQL\MySQL Server 5.5\bin;D:\Program Files\TortoiseSVN\bin;D:\Program Files\Git\cmd;D:\nodejs\;C:\Program Files\MySQL\MySQL Utilities 1.6\;C:\Users\Hasee\AppData\Local\Microsoft\WindowsApps;;D:\IntelliJ IDEA 2020.1.3\bin;;D:\WebStorm 2019.2.2\bin;;C:\Users\Hasee\AppData\Roaming\npm;D:\VSCode\bin
USERNAME=Hasee
OS=Windows_NT
PROCESSOR_IDENTIFIER=Intel64 Family 6 Model 158 Stepping 10, GenuineIntel



---------------  S Y S T E M  ---------------

OS: Windows 10.0 , 64 bit Build 18362 (10.0.18362.1110)

CPU:total 12 (initial active 12) (6 cores per cpu, 2 threads per core) family 6 model 158 stepping 10, cmov, cx8, fxsr, mmx, sse, sse2, sse3, ssse3, sse4.1, sse4.2, popcnt, avx, avx2, aes, clmul, erms, 3dnowpref, lzcnt, ht, tsc, tscinvbit, bmi1, bmi2, adx

Memory: 4k page, physical 16610356k(1961044k free), swap 29717808k(2432k free)

vm_info: Java HotSpot(TM) 64-Bit Server VM (25.144-b01) for windows-amd64 JRE (1.8.0_144-b01), built on Jul 21 2017 21:57:33 by "java_re" with MS VC++ 10.0 (VS2010)

time: Tue Nov 03 16:40:07 2020
elapsed time: 6 seconds (0d 0h 0m 6s)

