#
# There is insufficient memory for the Java Runtime Environment to continue.
# Native memory allocation (malloc) failed to allocate 2832 bytes for AllocateHeap
# Possible reasons:
#   The system is out of physical RAM or swap space
#   In 32 bit mode, the process size limit was hit
# Possible solutions:
#   Reduce memory load on the system
#   Increase physical memory or swap space
#   Check if swap backing store is full
#   Use 64 bit Java on a 64 bit OS
#   Decrease Java heap size (-Xmx/-Xms)
#   Decrease number of Java threads
#   Decrease Java thread stack sizes (-Xss)
#   Set larger code cache with -XX:ReservedCodeCacheSize=
# This output file may be truncated or incomplete.
#
#  Out of Memory Error (memory/allocation.inline.hpp:61), pid=25756, tid=0x0000000000004928
#
# JRE version: Java(TM) SE Runtime Environment (8.0_144-b01) (build 1.8.0_144-b01)
# Java VM: Java HotSpot(TM) 64-Bit Server VM (25.144-b01 mixed mode windows-amd64 compressed oops)
# Failed to write core dump. Minidumps are not enabled by default on client versions of Windows
#

---------------  T H R E A D  ---------------

Current thread (0x0000000026aca000):  JavaThread "HikariPool-1 connection closer" daemon [_thread_in_Java, id=18728, stack(0x0000000029360000,0x0000000029460000)]

Stack: [0x0000000029360000,0x0000000029460000]
[error occurred during error reporting (printing stack bounds), id 0xe0000000]

Native frames: (J=compiled Java code, j=interpreted, Vv=VM code, C=native code)

Java frames: (J=compiled Java code, j=interpreted, Vv=VM code)
v  ~DeoptimizationBlob
J 673 C1 java.net.URLClassLoader.findClass(Ljava/lang/String;)Ljava/lang/Class; (47 bytes) @ 0x0000000002e16f91 [0x0000000002e16e20+0x171]
J 6263 C1 java.lang.ClassLoader.loadClass(Ljava/lang/String;Z)Ljava/lang/Class; (122 bytes) @ 0x0000000003862344 [0x0000000003862020+0x324]
J 6263 C1 java.lang.ClassLoader.loadClass(Ljava/lang/String;Z)Ljava/lang/Class; (122 bytes) @ 0x000000000386228c [0x0000000003862020+0x26c]
J 655 C1 sun.misc.Launcher$AppClassLoader.loadClass(Ljava/lang/String;Z)Ljava/lang/Class; (85 bytes) @ 0x0000000002e0ed8c [0x0000000002e0ea80+0x30c]
J 648 C1 java.lang.ClassLoader.loadClass(Ljava/lang/String;)Ljava/lang/Class; (7 bytes) @ 0x0000000002e0b47c [0x0000000002e0b420+0x5c]
v  ~StubRoutines::call_stub
j  org.h2.message.DbException.getJdbcSQLException(Ljava/lang/String;Ljava/lang/String;Ljava/lang/String;ILjava/lang/Throwable;Ljava/lang/String;)Ljava/sql/SQLException;+1440
j  org.h2.message.DbException.getJdbcSQLException(ILjava/lang/Throwable;[Ljava/lang/String;)Ljava/sql/SQLException;+19
j  org.h2.message.DbException.get(ILjava/lang/Throwable;[Ljava/lang/String;)Lorg/h2/message/DbException;+7
j  org.h2.message.DbException.convert(Ljava/lang/Throwable;)Lorg/h2/message/DbException;+118
j  org.h2.message.DbException.toSQLException(Ljava/lang/Throwable;)Ljava/sql/SQLException;+13
j  org.h2.message.TraceObject.logAndConvert(Ljava/lang/Throwable;)Ljava/sql/SQLException;+3
j  org.h2.jdbc.JdbcConnection.close()V+164
j  com.zaxxer.hikari.pool.PoolBase.quietlyCloseConnection(Ljava/sql/Connection;Ljava/lang/String;)V+49
j  com.zaxxer.hikari.pool.HikariPool.lambda$closeConnection$1(Ljava/sql/Connection;Ljava/lang/String;)V+3
j  com.zaxxer.hikari.pool.HikariPool$$Lambda$815.run()V+12
j  java.util.concurrent.ThreadPoolExecutor.runWorker(Ljava/util/concurrent/ThreadPoolExecutor$Worker;)V+95
j  java.util.concurrent.ThreadPoolExecutor$Worker.run()V+5
j  java.lang.Thread.run()V+11
v  ~StubRoutines::call_stub

---------------  P R O C E S S  ---------------

Java Threads: ( => current thread )
=>0x0000000026aca000 JavaThread "HikariPool-1 connection closer" daemon [_thread_in_Java, id=18728, stack(0x0000000029360000,0x0000000029460000)]
  0x0000000026acb000 JavaThread "Keep-Alive-Timer" daemon [_thread_blocked, id=19008, stack(0x0000000029260000,0x0000000029360000)]
  0x0000000026ac8000 JavaThread "com.alibaba.nacos.naming.beat.sender" daemon [_thread_blocked, id=23312, stack(0x0000000029160000,0x0000000029260000)]
  0x0000000026ac8800 JavaThread "http-nio-8202-Acceptor" daemon [_thread_in_native, id=26512, stack(0x0000000028e60000,0x0000000028f60000)]
  0x00000000224c9800 JavaThread "http-nio-8202-ClientPoller" daemon [_thread_in_native, id=12216, stack(0x0000000028d60000,0x0000000028e60000)]
  0x00000000224c8800 JavaThread "http-nio-8202-exec-10" daemon [_thread_blocked, id=18808, stack(0x0000000028c60000,0x0000000028d60000)]
  0x00000000224c7000 JavaThread "http-nio-8202-exec-9" daemon [_thread_blocked, id=17200, stack(0x0000000028b60000,0x0000000028c60000)]
  0x00000000224c8000 JavaThread "http-nio-8202-exec-8" daemon [_thread_blocked, id=25012, stack(0x0000000028a60000,0x0000000028b60000)]
  0x00000000224c6800 JavaThread "http-nio-8202-exec-7" daemon [_thread_blocked, id=17452, stack(0x0000000028960000,0x0000000028a60000)]
  0x00000000224c5800 JavaThread "http-nio-8202-exec-6" daemon [_thread_blocked, id=24104, stack(0x0000000028860000,0x0000000028960000)]
  0x00000000224ca000 JavaThread "http-nio-8202-exec-5" daemon [_thread_blocked, id=24796, stack(0x0000000028760000,0x0000000028860000)]
  0x00000000224c5000 JavaThread "http-nio-8202-exec-4" daemon [_thread_blocked, id=16580, stack(0x0000000028660000,0x0000000028760000)]
  0x00000000224bd800 JavaThread "http-nio-8202-exec-3" daemon [_thread_blocked, id=3388, stack(0x0000000028560000,0x0000000028660000)]
  0x00000000224bf000 JavaThread "http-nio-8202-exec-2" daemon [_thread_blocked, id=19020, stack(0x0000000028460000,0x0000000028560000)]
  0x00000000224c4000 JavaThread "http-nio-8202-exec-1" daemon [_thread_blocked, id=26584, stack(0x0000000028360000,0x0000000028460000)]
  0x00000000224bc800 JavaThread "http-nio-8202-BlockPoller" daemon [_thread_in_native, id=26384, stack(0x0000000028260000,0x0000000028360000)]
  0x00000000224c0800 JavaThread "ThreadPoolTaskScheduler-1" [_thread_blocked, id=9372, stack(0x0000000024190000,0x0000000024290000)]
  0x00000000224bb000 JavaThread "MVStore background writer nio:D:/workspace/FEBS-Cloud/.txlcn/FEBS-Server-Test-8202.mv.db" daemon [_thread_blocked, id=15380, stack(0x0000000027760000,0x0000000027860000)]
  0x00000000224c1000 JavaThread "ForkJoinPool.commonPool-worker-4" daemon [_thread_blocked, id=14840, stack(0x0000000026290000,0x0000000026390000)]
  0x00000000224bc000 JavaThread "ForkJoinPool.commonPool-worker-11" daemon [_thread_blocked, id=20432, stack(0x0000000026190000,0x0000000026290000)]
  0x00000000211ef000 JavaThread "ForkJoinPool.commonPool-worker-2" daemon [_thread_blocked, id=9488, stack(0x0000000026090000,0x0000000026190000)]
  0x00000000211f3000 JavaThread "ForkJoinPool.commonPool-worker-9" daemon [_thread_blocked, id=22440, stack(0x0000000025f90000,0x0000000026090000)]
  0x00000000211f5000 JavaThread "container-0" [_thread_blocked, id=25704, stack(0x0000000025c90000,0x0000000025d90000)]
  0x00000000211ee800 JavaThread "Catalina-utility-2" [_thread_blocked, id=21036, stack(0x0000000025b90000,0x0000000025c90000)]
  0x00000000211f1800 JavaThread "Catalina-utility-1" [_thread_blocked, id=8228, stack(0x0000000025a90000,0x0000000025b90000)]
  0x00000000211f4800 JavaThread "com.alibaba.nacos.naming.push.receiver" daemon [_thread_in_native, id=19188, stack(0x0000000025990000,0x0000000025a90000)]
  0x00000000211f0000 JavaThread "com.alibaba.nacos.naming.failover" daemon [_thread_blocked, id=12720, stack(0x0000000025890000,0x0000000025990000)]
  0x00000000211f0800 JavaThread "com.alibaba.nacos.naming.client.listener" daemon [_thread_blocked, id=5328, stack(0x0000000025790000,0x0000000025890000)]
  0x00000000211f2000 JavaThread "base connection adder" daemon [_thread_blocked, id=26588, stack(0x0000000025690000,0x0000000025790000)]
  0x00000000211f3800 JavaThread "base housekeeper" daemon [_thread_blocked, id=16672, stack(0x0000000025590000,0x0000000025690000)]
  0x0000000022042800 JavaThread "mysql-cj-abandoned-connection-cleanup" daemon [_thread_blocked, id=25968, stack(0x0000000025090000,0x0000000025190000)]
  0x000000002203e000 JavaThread "spring.cloud.inetutils" daemon [_thread_blocked, id=2112, stack(0x0000000023b90000,0x0000000023c90000)]
  0x0000000020d3d800 JavaThread "logback-4" daemon [_thread_blocked, id=26540, stack(0x0000000022890000,0x0000000022990000)]
  0x0000000020f9e800 JavaThread "com.alibaba.nacos.client.Worker.fixed-192.168.24.133_8001" daemon [_thread_blocked, id=23760, stack(0x0000000023f90000,0x0000000024090000)]
  0x0000000020f79800 JavaThread "Timer-0" daemon [_thread_blocked, id=18080, stack(0x0000000023e90000,0x0000000023f90000)]
  0x0000000020a60800 JavaThread "RMI Scheduler(0)" daemon [_thread_blocked, id=3312, stack(0x0000000023290000,0x0000000023390000)]
  0x0000000020a48000 JavaThread "RMI TCP Connection(1)-192.168.24.1" daemon [_thread_in_native, id=26020, stack(0x0000000023190000,0x0000000023290000)]
  0x000000002064b800 JavaThread "RMI TCP Accept-0" daemon [_thread_in_native, id=21624, stack(0x0000000021410000,0x0000000021510000)]
  0x000000001fecc000 JavaThread "Service Thread" daemon [_thread_blocked, id=17332, stack(0x0000000020340000,0x0000000020440000)]
  0x000000001fde4800 JavaThread "C1 CompilerThread3" daemon [_thread_blocked, id=11900, stack(0x0000000020240000,0x0000000020340000)]
  0x000000001fde4000 JavaThread "C2 CompilerThread2" daemon [_thread_blocked, id=3372, stack(0x0000000020140000,0x0000000020240000)]
  0x000000001fde3000 JavaThread "C2 CompilerThread1" daemon [_thread_blocked, id=24648, stack(0x0000000020040000,0x0000000020140000)]
  0x000000001fde2800 JavaThread "C2 CompilerThread0" daemon [_thread_blocked, id=20660, stack(0x000000001ff40000,0x0000000020040000)]
  0x000000001df17000 JavaThread "JDWP Command Reader" daemon [_thread_in_native, id=20972, stack(0x000000001f640000,0x000000001f740000)]
  0x000000001df0e000 JavaThread "JDWP Event Helper Thread" daemon [_thread_blocked, id=23612, stack(0x000000001f540000,0x000000001f640000)]
  0x000000001df0b800 JavaThread "JDWP Transport Listener: dt_socket" daemon [_thread_blocked, id=26140, stack(0x000000001f440000,0x000000001f540000)]
  0x000000001def0000 JavaThread "Attach Listener" daemon [_thread_blocked, id=19004, stack(0x000000001f340000,0x000000001f440000)]
  0x000000001de99000 JavaThread "Signal Dispatcher" daemon [_thread_blocked, id=15292, stack(0x000000001f240000,0x000000001f340000)]
  0x000000001de73800 JavaThread "Finalizer" daemon [_thread_blocked, id=21964, stack(0x000000001f0e0000,0x000000001f1e0000)]
  0x000000001c795800 JavaThread "Reference Handler" daemon [_thread_blocked, id=26120, stack(0x000000001efe0000,0x000000001f0e0000)]
  0x000000000232a000 JavaThread "main" [_thread_blocked, id=25096, stack(0x00000000027f0000,0x00000000028f0000)]

Other Threads:
  0x000000001de52800 VMThread [stack: 0x000000001eee0000,0x000000001efe0000] [id=26552]
  0x000000002065e000 WatcherThread [stack: 0x0000000021510000,0x0000000021610000] [id=10616]

VM state:not at safepoint (normal execution)

VM Mutex/Monitor currently owned by a thread: None

Heap:
 PSYoungGen      total 281600K, used 13261K [0x000000076b800000, 0x000000077ec00000, 0x00000007c0000000)
  eden space 264704K, 5% used [0x000000076b800000,0x000000076c4f37a0,0x000000077ba80000)
  from space 16896K, 0% used [0x000000077ca80000,0x000000077ca80000,0x000000077db00000)
  to   space 16384K, 0% used [0x000000077ba80000,0x000000077ba80000,0x000000077ca80000)
 ParOldGen       total 231424K, used 50145K [0x00000006c2800000, 0x00000006d0a00000, 0x000000076b800000)
  object space 231424K, 21% used [0x00000006c2800000,0x00000006c58f8478,0x00000006d0a00000)
 Metaspace       used 62479K, capacity 65620K, committed 65792K, reserved 1114112K
  class space    used 8385K, capacity 8928K, committed 8960K, reserved 1048576K

Card table byte_map: [0x0000000011fb0000,0x00000000127a0000] byte_map_base: 0x000000000e99c000

Marking Bits: (ParMarkBitMap*) 0x0000000068a0d850
 Begin Bits: [0x00000000136f0000, 0x0000000017650000)
 End Bits:   [0x0000000017650000, 0x000000001b5b0000)

Polling page: 0x00000000001c0000

CodeCache: size=245760Kb used=12985Kb max_used=12985Kb free=232774Kb
 bounds [0x0000000002bf0000, 0x00000000038a0000, 0x0000000011bf0000]
 total_blobs=6913 nmethods=6318 adapters=513
 compilation: enabled

Compilation events (10 events):
Event: 10.831 Thread 0x000000001fde4800 6406       1       ch.qos.logback.core.LayoutBase::isStarted (5 bytes)
Event: 10.831 Thread 0x000000001fde4800 nmethod 6406 0x000000000389ea10 code [0x000000000389eb60, 0x000000000389ec70]
Event: 10.831 Thread 0x000000001fde4800 6407       1       ch.qos.logback.classic.spi.LoggingEvent::getLoggerName (5 bytes)
Event: 10.831 Thread 0x000000001fde4800 nmethod 6407 0x000000000389ecd0 code [0x000000000389ee20, 0x000000000389ef30]
Event: 10.831 Thread 0x000000001fde4800 6408       1       ch.qos.logback.classic.spi.LoggingEvent::getThrowableProxy (5 bytes)
Event: 10.831 Thread 0x000000001fde4800 nmethod 6408 0x000000000389ef90 code [0x000000000389f0e0, 0x000000000389f1f0]
Event: 10.832 Thread 0x000000001fde4800 6409       1       java.util.concurrent.ConcurrentHashMap::isEmpty (15 bytes)
Event: 10.832 Thread 0x000000001fde4800 nmethod 6409 0x000000000389f250 code [0x000000000389f3a0, 0x000000000389f508]
Event: 10.833 Thread 0x000000001fde4800 6410       1       ch.qos.logback.core.filter.Filter::isStarted (5 bytes)
Event: 10.833 Thread 0x000000001fde4800 nmethod 6410 0x000000000389f590 code [0x000000000389f6e0, 0x000000000389f7f0]

GC Heap History (10 events):
Event: 7.505 GC heap before
{Heap before GC invocations=15 (full 3):
 PSYoungGen      total 281088K, used 280302K [0x000000076b800000, 0x000000077ec00000, 0x00000007c0000000)
  eden space 264704K, 100% used [0x000000076b800000,0x000000077ba80000,0x000000077ba80000)
  from space 16384K, 95% used [0x000000077ba80000,0x000000077c9bb8f8,0x000000077ca80000)
  to   space 16896K, 0% used [0x000000077ca80000,0x000000077ca80000,0x000000077db00000)
 ParOldGen       total 231424K, used 18212K [0x00000006c2800000, 0x00000006d0a00000, 0x000000076b800000)
  object space 231424K, 7% used [0x00000006c2800000,0x00000006c39c93b8,0x00000006d0a00000)
 Metaspace       used 52355K, capacity 54768K, committed 55040K, reserved 1099776K
  class space    used 6881K, capacity 7333K, committed 7424K, reserved 1048576K
Event: 7.524 GC heap after
Heap after GC invocations=15 (full 3):
 PSYoungGen      total 281600K, used 16891K [0x000000076b800000, 0x000000077ec00000, 0x00000007c0000000)
  eden space 264704K, 0% used [0x000000076b800000,0x000000076b800000,0x000000077ba80000)
  from space 16896K, 99% used [0x000000077ca80000,0x000000077dafee78,0x000000077db00000)
  to   space 16384K, 0% used [0x000000077ba80000,0x000000077ba80000,0x000000077ca80000)
 ParOldGen       total 231424K, used 27229K [0x00000006c2800000, 0x00000006d0a00000, 0x000000076b800000)
  object space 231424K, 11% used [0x00000006c2800000,0x00000006c4297750,0x00000006d0a00000)
 Metaspace       used 52355K, capacity 54768K, committed 55040K, reserved 1099776K
  class space    used 6881K, capacity 7333K, committed 7424K, reserved 1048576K
}
Event: 8.548 GC heap before
{Heap before GC invocations=16 (full 3):
 PSYoungGen      total 281600K, used 260668K [0x000000076b800000, 0x000000077ec00000, 0x00000007c0000000)
  eden space 264704K, 92% used [0x000000076b800000,0x000000077a610508,0x000000077ba80000)
  from space 16896K, 99% used [0x000000077ca80000,0x000000077dafee78,0x000000077db00000)
  to   space 16384K, 0% used [0x000000077ba80000,0x000000077ba80000,0x000000077ca80000)
 ParOldGen       total 231424K, used 27229K [0x00000006c2800000, 0x00000006d0a00000, 0x000000076b800000)
  object space 231424K, 11% used [0x00000006c2800000,0x00000006c4297750,0x00000006d0a00000)
 Metaspace       used 56055K, capacity 58868K, committed 59136K, reserved 1103872K
  class space    used 7433K, capacity 7919K, committed 7936K, reserved 1048576K
Event: 8.563 GC heap after
Heap after GC invocations=16 (full 3):
 PSYoungGen      total 281088K, used 15180K [0x000000076b800000, 0x000000077ec00000, 0x00000007c0000000)
  eden space 264704K, 0% used [0x000000076b800000,0x000000076b800000,0x000000077ba80000)
  from space 16384K, 92% used [0x000000077ba80000,0x000000077c953340,0x000000077ca80000)
  to   space 16896K, 0% used [0x000000077ca80000,0x000000077ca80000,0x000000077db00000)
 ParOldGen       total 231424K, used 36808K [0x00000006c2800000, 0x00000006d0a00000, 0x000000076b800000)
  object space 231424K, 15% used [0x00000006c2800000,0x00000006c4bf2198,0x00000006d0a00000)
 Metaspace       used 56055K, capacity 58868K, committed 59136K, reserved 1103872K
  class space    used 7433K, capacity 7919K, committed 7936K, reserved 1048576K
}
Event: 8.563 GC heap before
{Heap before GC invocations=17 (full 4):
 PSYoungGen      total 281088K, used 15180K [0x000000076b800000, 0x000000077ec00000, 0x00000007c0000000)
  eden space 264704K, 0% used [0x000000076b800000,0x000000076b800000,0x000000077ba80000)
  from space 16384K, 92% used [0x000000077ba80000,0x000000077c953340,0x000000077ca80000)
  to   space 16896K, 0% used [0x000000077ca80000,0x000000077ca80000,0x000000077db00000)
 ParOldGen       total 231424K, used 36808K [0x00000006c2800000, 0x00000006d0a00000, 0x000000076b800000)
  object space 231424K, 15% used [0x00000006c2800000,0x00000006c4bf2198,0x00000006d0a00000)
 Metaspace       used 56055K, capacity 58868K, committed 59136K, reserved 1103872K
  class space    used 7433K, capacity 7919K, committed 7936K, reserved 1048576K
Event: 8.696 GC heap after
Heap after GC invocations=17 (full 4):
 PSYoungGen      total 281088K, used 0K [0x000000076b800000, 0x000000077ec00000, 0x00000007c0000000)
  eden space 264704K, 0% used [0x000000076b800000,0x000000076b800000,0x000000077ba80000)
  from space 16384K, 0% used [0x000000077ba80000,0x000000077ba80000,0x000000077ca80000)
  to   space 16896K, 0% used [0x000000077ca80000,0x000000077ca80000,0x000000077db00000)
 ParOldGen       total 231424K, used 45683K [0x00000006c2800000, 0x00000006d0a00000, 0x000000076b800000)
  object space 231424K, 19% used [0x00000006c2800000,0x00000006c549ccf0,0x00000006d0a00000)
 Metaspace       used 56055K, capacity 58868K, committed 59136K, reserved 1103872K
  class space    used 7433K, capacity 7919K, committed 7936K, reserved 1048576K
}
Event: 10.167 GC heap before
{Heap before GC invocations=18 (full 4):
 PSYoungGen      total 281088K, used 199270K [0x000000076b800000, 0x000000077ec00000, 0x00000007c0000000)
  eden space 264704K, 75% used [0x000000076b800000,0x0000000777a99be8,0x000000077ba80000)
  from space 16384K, 0% used [0x000000077ba80000,0x000000077ba80000,0x000000077ca80000)
  to   space 16896K, 0% used [0x000000077ca80000,0x000000077ca80000,0x000000077db00000)
 ParOldGen       total 231424K, used 45683K [0x00000006c2800000, 0x00000006d0a00000, 0x000000076b800000)
  object space 231424K, 19% used [0x00000006c2800000,0x00000006c549ccf0,0x00000006d0a00000)
 Metaspace       used 62097K, capacity 65190K, committed 65280K, reserved 1114112K
  class space    used 8330K, capacity 8879K, committed 8960K, reserved 1048576K
Event: 10.176 GC heap after
Heap after GC invocations=18 (full 4):
 PSYoungGen      total 281600K, used 9933K [0x000000076b800000, 0x000000077ec00000, 0x00000007c0000000)
  eden space 264704K, 0% used [0x000000076b800000,0x000000076b800000,0x000000077ba80000)
  from space 16896K, 58% used [0x000000077ca80000,0x000000077d4336b8,0x000000077db00000)
  to   space 16384K, 0% used [0x000000077ba80000,0x000000077ba80000,0x000000077ca80000)
 ParOldGen       total 231424K, used 45691K [0x00000006c2800000, 0x00000006d0a00000, 0x000000076b800000)
  object space 231424K, 19% used [0x00000006c2800000,0x00000006c549ecf0,0x00000006d0a00000)
 Metaspace       used 62097K, capacity 65190K, committed 65280K, reserved 1114112K
  class space    used 8330K, capacity 8879K, committed 8960K, reserved 1048576K
}
Event: 10.176 GC heap before
{Heap before GC invocations=19 (full 5):
 PSYoungGen      total 281600K, used 9933K [0x000000076b800000, 0x000000077ec00000, 0x00000007c0000000)
  eden space 264704K, 0% used [0x000000076b800000,0x000000076b800000,0x000000077ba80000)
  from space 16896K, 58% used [0x000000077ca80000,0x000000077d4336b8,0x000000077db00000)
  to   space 16384K, 0% used [0x000000077ba80000,0x000000077ba80000,0x000000077ca80000)
 ParOldGen       total 231424K, used 45691K [0x00000006c2800000, 0x00000006d0a00000, 0x000000076b800000)
  object space 231424K, 19% used [0x00000006c2800000,0x00000006c549ecf0,0x00000006d0a00000)
 Metaspace       used 62097K, capacity 65190K, committed 65280K, reserved 1114112K
  class space    used 8330K, capacity 8879K, committed 8960K, reserved 1048576K
Event: 10.438 GC heap after
Heap after GC invocations=19 (full 5):
 PSYoungGen      total 281600K, used 0K [0x000000076b800000, 0x000000077ec00000, 0x00000007c0000000)
  eden space 264704K, 0% used [0x000000076b800000,0x000000076b800000,0x000000077ba80000)
  from space 16896K, 0% used [0x000000077ca80000,0x000000077ca80000,0x000000077db00000)
  to   space 16384K, 0% used [0x000000077ba80000,0x000000077ba80000,0x000000077ca80000)
 ParOldGen       total 231424K, used 50145K [0x00000006c2800000, 0x00000006d0a00000, 0x000000076b800000)
  object space 231424K, 21% used [0x00000006c2800000,0x00000006c58f8478,0x00000006d0a00000)
 Metaspace       used 62097K, capacity 65190K, committed 65280K, reserved 1112064K
  class space    used 8330K, capacity 8879K, committed 8960K, reserved 1048576K
}

Deoptimization events (0 events):
No events

Internal exceptions (10 events):
Event: 10.155 Thread 0x000000000232a000 Exception <a 'java/lang/ArrayIndexOutOfBoundsException'> (0x00000007772cc998) thrown at [C:\re\workspace\8-2-build-windows-amd64-cygwin\jdk8u144\9417\hotspot\src\share\vm\runtime\sharedRuntime.cpp, line 605]
Event: 10.162 Thread 0x000000000232a000 Exception <a 'java/lang/ArrayIndexOutOfBoundsException'> (0x0000000777443bc0) thrown at [C:\re\workspace\8-2-build-windows-amd64-cygwin\jdk8u144\9417\hotspot\src\share\vm\runtime\sharedRuntime.cpp, line 605]
Event: 10.165 Thread 0x000000000232a000 Exception <a 'java/lang/ArrayIndexOutOfBoundsException'> (0x00000007774d7910) thrown at [C:\re\workspace\8-2-build-windows-amd64-cygwin\jdk8u144\9417\hotspot\src\share\vm\runtime\sharedRuntime.cpp, line 605]
Event: 10.447 Thread 0x000000000232a000 Exception <a 'java/lang/ArrayIndexOutOfBoundsException'> (0x000000076b9324c8) thrown at [C:\re\workspace\8-2-build-windows-amd64-cygwin\jdk8u144\9417\hotspot\src\share\vm\runtime\sharedRuntime.cpp, line 605]
Event: 10.795 Thread 0x000000000232a000 Exception <a 'java/lang/IncompatibleClassChangeError': Found class java.lang.Object, but interface was expected> (0x000000076ba7f020) thrown at [C:\re\workspace\8-2-build-windows-amd64-cygwin\jdk8u144\9417\hotspot\src\share\vm\interpreter\linkResolver.cpp
Event: 10.817 Thread 0x000000000232a000 Exception <a 'java/lang/OutOfMemoryError'> (0x000000076c076bf0) thrown at [C:\re\workspace\8-2-build-windows-amd64-cygwin\jdk8u144\9417\hotspot\src\share\vm\prims\jni.cpp, line 735]
Event: 10.817 Thread 0x000000000232a000 Exception <a 'java/lang/OutOfMemoryError'> (0x000000076c076bf0) thrown at [C:\re\workspace\8-2-build-windows-amd64-cygwin\jdk8u144\9417\hotspot\src\share\vm\prims\jvm.cpp, line 1394]
Event: 10.832 Thread 0x000000000232a000 Exception <a 'java/lang/NullPointerException'> (0x000000076c129968) thrown at [C:\re\workspace\8-2-build-windows-amd64-cygwin\jdk8u144\9417\hotspot\src\share\vm\interpreter\linkResolver.cpp, line 1299]
Event: 10.836 Thread 0x0000000026aca000 StackOverflowError at 0x0000000002e0eaa0
Event: 10.836 Thread 0x0000000026aca000 Exception <a 'java/lang/StackOverflowError'> (0x000000076c409b08) thrown at [C:\re\workspace\8-2-build-windows-amd64-cygwin\jdk8u144\9417\hotspot\src\share\vm\runtime\sharedRuntime.cpp, line 605]

Events (10 events):
Event: 10.836 Executing VM operation: RevokeBias done
Event: 10.836 Executing VM operation: RevokeBias
Event: 10.836 Executing VM operation: RevokeBias done
Event: 10.836 Thread 0x0000000026aca000 DEOPT PACKING pc=0x0000000002e0b47c sp=0x000000002945dff0
Event: 10.837 Thread 0x0000000026aca000 DEOPT UNPACKING pc=0x0000000002c3787f sp=0x000000002945dd30 mode 1
Event: 10.837 Executing VM operation: RevokeBias
Event: 10.837 Executing VM operation: RevokeBias done
Event: 10.837 loading class org/h2/jdbc/JdbcSQLNonTransientException
Event: 10.837 loading class org/h2/jdbc/JdbcSQLNonTransientException done
Event: 10.837 Thread 0x0000000026aca000 DEOPT PACKING pc=0x0000000002e16f91 sp=0x000000002945dc20


Dynamic libraries:
0x00007ff67d0f0000 - 0x00007ff67d127000 	D:\Program Files\Java\jdk1.8.0_144\bin\java.exe
0x00007ffe1f0c0000 - 0x00007ffe1f2b0000 	C:\Windows\SYSTEM32\ntdll.dll
0x00007ffe1da60000 - 0x00007ffe1db12000 	C:\Windows\System32\KERNEL32.DLL
0x00007ffe1ca80000 - 0x00007ffe1cd25000 	C:\Windows\System32\KERNELBASE.dll
0x00007ffe1d920000 - 0x00007ffe1d9c3000 	C:\Windows\System32\ADVAPI32.dll
0x00007ffe1db30000 - 0x00007ffe1dbce000 	C:\Windows\System32\msvcrt.dll
0x00007ffe1e600000 - 0x00007ffe1e697000 	C:\Windows\System32\sechost.dll
0x00007ffe1e890000 - 0x00007ffe1e9b0000 	C:\Windows\System32\RPCRT4.dll
0x00007ffe1e320000 - 0x00007ffe1e4b4000 	C:\Windows\System32\USER32.dll
0x00007ffe1d140000 - 0x00007ffe1d161000 	C:\Windows\System32\win32u.dll
0x00007ffe1eb60000 - 0x00007ffe1eb86000 	C:\Windows\System32\GDI32.dll
0x00007ffe1ce30000 - 0x00007ffe1cfc6000 	C:\Windows\System32\gdi32full.dll
0x00007ffe1d070000 - 0x00007ffe1d10e000 	C:\Windows\System32\msvcp_win.dll
0x00007ffe1cd30000 - 0x00007ffe1ce2a000 	C:\Windows\System32\ucrtbase.dll
0x00007ffe0e4d0000 - 0x00007ffe0e754000 	C:\Windows\WinSxS\amd64_microsoft.windows.common-controls_6595b64144ccf1df_6.0.18362.1139_none_9e7bf2d3e4605ac6\COMCTL32.dll
0x00007ffe1eb90000 - 0x00007ffe1eec5000 	C:\Windows\System32\combase.dll
0x00007ffe1cfd0000 - 0x00007ffe1d050000 	C:\Windows\System32\bcryptPrimitives.dll
0x00007ffe1e6a0000 - 0x00007ffe1e6ce000 	C:\Windows\System32\IMM32.DLL
0x0000000069180000 - 0x0000000069252000 	D:\Program Files\Java\jdk1.8.0_144\jre\bin\msvcr100.dll
0x00000000681f0000 - 0x0000000068a8d000 	D:\Program Files\Java\jdk1.8.0_144\jre\bin\server\jvm.dll
0x00007ffe1d730000 - 0x00007ffe1d738000 	C:\Windows\System32\PSAPI.DLL
0x00007ffe19d90000 - 0x00007ffe19db4000 	C:\Windows\SYSTEM32\WINMM.dll
0x00007ffe03600000 - 0x00007ffe03609000 	C:\Windows\SYSTEM32\WSOCK32.dll
0x00007ffe1b170000 - 0x00007ffe1b17a000 	C:\Windows\SYSTEM32\VERSION.dll
0x00007ffe1d9d0000 - 0x00007ffe1da3f000 	C:\Windows\System32\WS2_32.dll
0x00007ffe19d60000 - 0x00007ffe19d8d000 	C:\Windows\SYSTEM32\winmmbase.dll
0x00007ffe1ca30000 - 0x00007ffe1ca7a000 	C:\Windows\System32\cfgmgr32.dll
0x00000000697a0000 - 0x00000000697af000 	D:\Program Files\Java\jdk1.8.0_144\jre\bin\verify.dll
0x0000000069150000 - 0x0000000069179000 	D:\Program Files\Java\jdk1.8.0_144\jre\bin\java.dll
0x00000000690f0000 - 0x0000000069125000 	D:\Program Files\Java\jdk1.8.0_144\jre\bin\jdwp.dll
0x00000000690e0000 - 0x00000000690e8000 	D:\Program Files\Java\jdk1.8.0_144\jre\bin\npt.dll
0x00000000690b0000 - 0x00000000690d3000 	D:\Program Files\Java\jdk1.8.0_144\jre\bin\instrument.dll
0x0000000069130000 - 0x0000000069146000 	D:\Program Files\Java\jdk1.8.0_144\jre\bin\zip.dll
0x00007ffe1dc30000 - 0x00007ffe1e317000 	C:\Windows\System32\SHELL32.dll
0x00007ffe1eab0000 - 0x00007ffe1eb59000 	C:\Windows\System32\shcore.dll
0x00007ffe1c250000 - 0x00007ffe1c9d0000 	C:\Windows\System32\windows.storage.dll
0x00007ffe1bf90000 - 0x00007ffe1bfb3000 	C:\Windows\System32\profapi.dll
0x00007ffe1bfe0000 - 0x00007ffe1c02a000 	C:\Windows\System32\powrprof.dll
0x00007ffe1bf80000 - 0x00007ffe1bf90000 	C:\Windows\System32\UMPDC.dll
0x00007ffe1d740000 - 0x00007ffe1d792000 	C:\Windows\System32\shlwapi.dll
0x00007ffe1bfc0000 - 0x00007ffe1bfd1000 	C:\Windows\System32\kernel.appcore.dll
0x00007ffe1d050000 - 0x00007ffe1d067000 	C:\Windows\System32\cryptsp.dll
0x0000000069060000 - 0x0000000069069000 	D:\Program Files\Java\jdk1.8.0_144\jre\bin\dt_socket.dll
0x00007ffe1b7d0000 - 0x00007ffe1b837000 	C:\Windows\system32\mswsock.dll
0x0000000069090000 - 0x00000000690aa000 	D:\Program Files\Java\jdk1.8.0_144\jre\bin\net.dll
0x00007ffe1b520000 - 0x00007ffe1b5eb000 	C:\Windows\SYSTEM32\DNSAPI.dll
0x00007ffe1d170000 - 0x00007ffe1d178000 	C:\Windows\System32\NSI.dll
0x00007ffe1b4e0000 - 0x00007ffe1b51a000 	C:\Windows\SYSTEM32\IPHLPAPI.DLL
0x00007ffe11870000 - 0x00007ffe1187a000 	C:\Windows\System32\rasadhlp.dll
0x00007ffe14190000 - 0x00007ffe14207000 	C:\Windows\System32\fwpuclnt.dll
0x00007ffe1d110000 - 0x00007ffe1d136000 	C:\Windows\System32\bcrypt.dll
0x0000000069050000 - 0x000000006905d000 	D:\Program Files\Java\jdk1.8.0_144\jre\bin\management.dll
0x0000000069070000 - 0x0000000069081000 	D:\Program Files\Java\jdk1.8.0_144\jre\bin\nio.dll
0x00007ffe1b340000 - 0x00007ffe1b373000 	C:\Windows\system32\rsaenh.dll
0x00007ffe1bea0000 - 0x00007ffe1bec5000 	C:\Windows\SYSTEM32\USERENV.dll
0x00007ffe1b9a0000 - 0x00007ffe1b9ac000 	C:\Windows\SYSTEM32\CRYPTBASE.dll
0x00007ffe14990000 - 0x00007ffe149a6000 	C:\Windows\SYSTEM32\dhcpcsvc6.DLL
0x00007ffe14970000 - 0x00007ffe1498c000 	C:\Windows\SYSTEM32\dhcpcsvc.DLL
0x00007ffe030a0000 - 0x00007ffe030b6000 	C:\Windows\system32\napinsp.dll
0x00007ffe02fa0000 - 0x00007ffe02fba000 	C:\Windows\system32\pnrpnsp.dll
0x00007ffe04520000 - 0x00007ffe0452e000 	C:\Windows\System32\winrnr.dll
0x00007ffe187f0000 - 0x00007ffe1880c000 	C:\Windows\system32\NLAapi.dll
0x00007ffe173b0000 - 0x00007ffe173c5000 	C:\Windows\system32\wshbth.dll
0x0000000069020000 - 0x0000000069044000 	D:\Program Files\Java\jdk1.8.0_144\jre\bin\sunec.dll
0x0000000069010000 - 0x000000006901b000 	D:\Program Files\Java\jdk1.8.0_144\jre\bin\sunmscapi.dll
0x00007ffe1c100000 - 0x00007ffe1c249000 	C:\Windows\System32\CRYPT32.dll
0x00007ffe1c030000 - 0x00007ffe1c042000 	C:\Windows\System32\MSASN1.dll

VM Arguments:
jvm_args: -agentlib:jdwp=transport=dt_socket,address=127.0.0.1:58775,suspend=y,server=n -XX:TieredStopAtLevel=1 -Xverify:none -Dspring.output.ansi.enabled=always -Dcom.sun.management.jmxremote -Dspring.jmx.enabled=true -Dspring.liveBeansView.mbeanDomain -Dspring.application.admin.enabled=true -javaagent:C:\Users\Hasee\AppData\Local\JetBrains\IntelliJIdea2020.1\captureAgent\debugger-agent.jar -Dfile.encoding=UTF-8 
java_command: cc.mrbird.febs.server.test.FebsServerTestApplication
java_class_path (initial): D:\Program Files\Java\jdk1.8.0_144\jre\lib\charsets.jar;D:\Program Files\Java\jdk1.8.0_144\jre\lib\deploy.jar;D:\Program Files\Java\jdk1.8.0_144\jre\lib\ext\access-bridge-64.jar;D:\Program Files\Java\jdk1.8.0_144\jre\lib\ext\cldrdata.jar;D:\Program Files\Java\jdk1.8.0_144\jre\lib\ext\dnsns.jar;D:\Program Files\Java\jdk1.8.0_144\jre\lib\ext\jaccess.jar;D:\Program Files\Java\jdk1.8.0_144\jre\lib\ext\jfxrt.jar;D:\Program Files\Java\jdk1.8.0_144\jre\lib\ext\localedata.jar;D:\Program Files\Java\jdk1.8.0_144\jre\lib\ext\nashorn.jar;D:\Program Files\Java\jdk1.8.0_144\jre\lib\ext\sunec.jar;D:\Program Files\Java\jdk1.8.0_144\jre\lib\ext\sunjce_provider.jar;D:\Program Files\Java\jdk1.8.0_144\jre\lib\ext\sunmscapi.jar;D:\Program Files\Java\jdk1.8.0_144\jre\lib\ext\sunpkcs11.jar;D:\Program Files\Java\jdk1.8.0_144\jre\lib\ext\zipfs.jar;D:\Program Files\Java\jdk1.8.0_144\jre\lib\javaws.jar;D:\Program Files\Java\jdk1.8.0_144\jre\lib\jce.jar;D:\Program Files\Java\jdk1.8.0_144\jre\lib\jfr.jar;D:\Program Files\Java\jdk1.8.0_144\jre\lib\jfxswt.jar;D:\Program Files\Java\jdk1.8.0_144\jre\lib\jsse.jar;D:\Program Files\Java\jdk1.8.0_144\jre\lib\management-agent.jar;D:\Program Files\Java\jdk1.8.0_144\jre\lib\plugin.jar;D:\Program Files\Java\jdk1.8.0_144\jre\lib\resources.jar;D:\Program Files\Java\jdk1.8.0_144\jre\lib\rt.jar;D:\workspace\FEBS-Cloud\febs-server\febs-server-test\target\classes;D:\workspace\FEBS-Cloud\febs-common\febs-common-datasource-starter\target\classes;D:\workspace\FEBS-Cloud\febs-common\febs-common-core\target\classes;C:\Users\Hasee\.m2\repository\io\projectreactor\reactor-core\3.3.0.RELEASE\reactor-core-3.3.0.RELEASE.jar;C:\Users\Hasee\.m2\repository\org\reactivestreams\reactive-streams\1.0.3\reactive-streams-1.0.3.jar;C:\Users\Hasee\.m2\repository\org\projectlombok\lombok\1.18.10\lombok-1.18.10.jar;C:\Users\Hasee\.m2\repository\xml-apis\xml-apis\1.4.01\xml-apis-1.4.01.jar;C:\Users\Hasee\.m2\repository\org\lionsoul\ip2region\1.7\ip2region-1
Launcher Type: SUN_STANDARD

Environment Variables:
JAVA_HOME=D:\Program Files\Java\jdk1.8.0_144
CLASSPATH=D:\Program Files\Java\jdk1.8.0_144\lib\dt.jar;D:\Program Files\Java\jdk1.8.0_144\lib\tools.jar
PATH=D:\app\Hasee\product\11.2.0\dbhome_1\bin;C:\ProgramData\Oracle\Java\javapath;C:\Windows\system32;C:\Windows;C:\Windows\System32\Wbem;C:\Windows\System32\WindowsPowerShell\v1.0\;C:\Windows\System32\OpenSSH\;C:\Program Files (x86)\NVIDIA Corporation\PhysX\Common;C:\Program Files\NVIDIA Corporation\NVIDIA NvDLISR;C:\Program Files\Intel\WiFi\bin\;C:\Program Files\Common Files\Intel\WirelessCommon\;D:\Program Files\Java\jdk1.8.0_144\bin;D:\Program Files\jre\bin;D:\apache-maven-3.3.9-bin\apache-maven-3.3.9\bin;D:\Program Files\MySQL\MySQL Server 5.5\bin;D:\Program Files\TortoiseSVN\bin;D:\Program Files\Git\cmd;D:\nodejs\;C:\Program Files\MySQL\MySQL Utilities 1.6\;C:\Users\Hasee\AppData\Local\Microsoft\WindowsApps;;D:\IntelliJ IDEA 2020.1.3\bin;;D:\WebStorm 2019.2.2\bin;;C:\Users\Hasee\AppData\Roaming\npm;D:\VSCode\bin
USERNAME=Hasee
OS=Windows_NT
PROCESSOR_IDENTIFIER=Intel64 Family 6 Model 158 Stepping 10, GenuineIntel



---------------  S Y S T E M  ---------------

OS: Windows 10.0 , 64 bit Build 18362 (10.0.18362.1110)

CPU:total 12 (initial active 12) (6 cores per cpu, 2 threads per core) family 6 model 158 stepping 10, cmov, cx8, fxsr, mmx, sse, sse2, sse3, ssse3, sse4.1, sse4.2, popcnt, avx, avx2, aes, clmul, erms, 3dnowpref, lzcnt, ht, tsc, tscinvbit, bmi1, bmi2, adx

Memory: 4k page, physical 16610356k(1662576k free), swap 29717808k(5072k free)

vm_info: Java HotSpot(TM) 64-Bit Server VM (25.144-b01) for windows-amd64 JRE (1.8.0_144-b01), built on Jul 21 2017 21:57:33 by "java_re" with MS VC++ 10.0 (VS2010)

time: Tue Nov 03 16:45:46 2020
elapsed time: 10 seconds (0d 0h 0m 10s)

