#
# A fatal error has been detected by the Java Runtime Environment:
#
#  EXCEPTION_STACK_OVERFLOW (0xc00000fd) at pc=0x0000000003816de0, pid=25524, tid=0x0000000000006548
#
# JRE version: Java(TM) SE Runtime Environment (8.0_144-b01) (build 1.8.0_144-b01)
# Java VM: Java HotSpot(TM) 64-Bit Server VM (25.144-b01 mixed mode windows-amd64 compressed oops)
# Problematic frame:
# J 216 C1 java.lang.String.indexOf(II)I (70 bytes) @ 0x0000000003816de0 [0x0000000003816dc0+0x20]
#
# Failed to write core dump. Minidumps are not enabled by default on client versions of Windows
#
# If you would like to submit a bug report, please visit:
#   http://bugreport.java.com/bugreport/crash.jsp
#

---------------  T H R E A D  ---------------

Current thread (0x000000002780f000):  JavaThread "nioEventLoopGroup-2-1" [_thread_in_Java, id=25928, stack(0x0000000026060000,0x0000000026160000)]

siginfo: ExceptionCode=0xc00000fd, ExceptionInformation=0x0000000000000001 0x000000002614ed78 

Registers:
RAX=0x0000000000000000, RBX=0x0000000000000000, RCX=0x0000000000000000, RDX=0x00000006c2802e78
RSP=0x0000000026154d78, RBP=0x00000000261556f0, RSI=0x0000000000000001, RDI=0x0000000000000000
R8 =0x000000000000003f, R9 =0x0000000000000000, R10=0x00000000d850c432, R11=0x00000006c2800078
R12=0x0000000000000000, R13=0x00000000ffffffff, R14=0x00000006c28290f8, R15=0x000000002780f000
RIP=0x0000000003816de0, EFLAGS=0x0000000000010293

Top of Stack: (sp=0x0000000026154d78)
0x0000000026154d78:   00000000038b9e54 0000000000000000
0x0000000026154d88:   000000006913a3d3 0000000000000b10
0x0000000026154d98:   0000000000000000 0000000049f0aa81
0x0000000026154da8:   0000000068335d62 000000002780f000
0x0000000026154db8:   00000000261552b8 0000000000000001
0x0000000026154dc8:   00000000034907b0 000000002780f1f8
0x0000000026154dd8:   0000000069132064 0000000026154e10
0x0000000026154de8:   0000000026155290 0000000000000024
0x0000000026154df8:   000000002780f1f8 0000000026154e10
0x0000000026154e08:   0000000000000058 797474656e2f6f69
0x0000000026154e18:   65766c6f7365722f 6552656d614e2f72
0x0000000026154e28:   632e7265766c6f73 0000002f7373616c
0x0000000026154e38:   00000006c2862058 00000006c2800078
0x0000000026154e48:   0000000068437ef6 0000000000000000
0x0000000026154e58:   00000006c2862190 0000000782b93100
0x0000000026154e68:   00000006c2802e78 0000000100000000 

Instructions: (pc=0x0000000003816de0)
0x0000000003816dc0:   44 8b 52 08 49 c1 e2 03 4c 3b d0 0f 85 8f f1 ee
0x0000000003816dd0:   ff 66 66 66 0f 1f 84 00 00 00 00 00 66 66 66 90
0x0000000003816de0:   89 84 24 00 a0 ff ff 55 48 83 ec 40 8b 42 0c 48
0x0000000003816df0:   c1 e0 03 8b 70 0c 41 83 f9 00 0f 8d 0b 00 00 00 


Register to memory mapping:

RAX=0x0000000000000000 is an unknown value
RBX=0x0000000000000000 is an unknown value
RCX=0x0000000000000000 is an unknown value
RDX=0x00000006c2802e78 is an oop
java.lang.String 
 - klass: 'java/lang/String'
RSP=0x0000000026154d78 is pointing into the stack for thread: 0x000000002780f000
RBP=0x00000000261556f0 is pointing into the stack for thread: 0x000000002780f000
RSI=0x0000000000000001 is an unknown value
RDI=0x0000000000000000 is an unknown value
R8 =0x000000000000003f is an unknown value
R9 =0x0000000000000000 is an unknown value
R10=0x00000000d850c432 is an unknown value
R11=0x00000006c2800078 is an oop
java.lang.String 
 - klass: 'java/lang/String'
R12=0x0000000000000000 is an unknown value
R13=0x00000000ffffffff is an unknown value
R14=0x00000006c28290f8 is an oop
java.lang.String 
 - klass: 'java/lang/String'
R15=0x000000002780f000 is a thread


Stack: [0x0000000026060000,0x0000000026160000],  sp=0x0000000026154d78,  free space=979k
Native frames: (J=compiled Java code, j=interpreted, Vv=VM code, C=native code)
C  0x0000000003816de0


---------------  P R O C E S S  ---------------

Java Threads: ( => current thread )
=>0x000000002780f000 JavaThread "nioEventLoopGroup-2-1" [_thread_in_Java, id=25928, stack(0x0000000026060000,0x0000000026160000)]
  0x000000002780f800 JavaThread "Keep-Alive-Timer" daemon [_thread_blocked, id=24480, stack(0x000000002a030000,0x000000002a130000)]
  0x0000000027808000 JavaThread "com.alibaba.nacos.naming.beat.sender" daemon [_thread_blocked, id=6236, stack(0x0000000029f30000,0x000000002a030000)]
  0x000000002780c000 JavaThread "http-nio-8201-Acceptor" daemon [_thread_in_native, id=19616, stack(0x0000000029c30000,0x0000000029d30000)]
  0x000000002780c800 JavaThread "http-nio-8201-ClientPoller" daemon [_thread_in_native, id=15384, stack(0x0000000029b30000,0x0000000029c30000)]
  0x000000002780b000 JavaThread "http-nio-8201-exec-10" daemon [_thread_blocked, id=15288, stack(0x0000000029a30000,0x0000000029b30000)]
  0x000000002780d800 JavaThread "http-nio-8201-exec-9" daemon [_thread_blocked, id=15824, stack(0x0000000029930000,0x0000000029a30000)]
  0x0000000027807800 JavaThread "http-nio-8201-exec-8" daemon [_thread_blocked, id=9992, stack(0x0000000029830000,0x0000000029930000)]
  0x000000002780e000 JavaThread "http-nio-8201-exec-7" daemon [_thread_blocked, id=11396, stack(0x0000000029730000,0x0000000029830000)]
  0x0000000024a3d800 JavaThread "http-nio-8201-exec-6" daemon [_thread_blocked, id=25644, stack(0x0000000029630000,0x0000000029730000)]
  0x0000000024a3d000 JavaThread "http-nio-8201-exec-5" daemon [_thread_blocked, id=25660, stack(0x0000000029530000,0x0000000029630000)]
  0x0000000024a3e800 JavaThread "http-nio-8201-exec-4" daemon [_thread_blocked, id=18364, stack(0x0000000029430000,0x0000000029530000)]
  0x0000000024a3a800 JavaThread "http-nio-8201-exec-3" daemon [_thread_blocked, id=26088, stack(0x0000000029330000,0x0000000029430000)]
  0x0000000024a3c000 JavaThread "http-nio-8201-exec-2" daemon [_thread_blocked, id=16820, stack(0x0000000029230000,0x0000000029330000)]
  0x0000000024a3b800 JavaThread "http-nio-8201-exec-1" daemon [_thread_blocked, id=16924, stack(0x0000000029130000,0x0000000029230000)]
  0x0000000024a33000 JavaThread "http-nio-8201-BlockPoller" daemon [_thread_in_native, id=26568, stack(0x0000000029030000,0x0000000029130000)]
  0x0000000024a3a000 JavaThread "ThreadPoolTaskScheduler-1" [_thread_blocked, id=26208, stack(0x0000000028f30000,0x0000000029030000)]
  0x0000000024a31800 JavaThread "HikariPool-1 connection adder" daemon [_thread_blocked, id=20128, stack(0x0000000028830000,0x0000000028930000)]
  0x0000000024a37800 JavaThread "HikariPool-1 housekeeper" daemon [_thread_blocked, id=25616, stack(0x0000000028530000,0x0000000028630000)]
  0x0000000024a38800 JavaThread "MVStore background writer nio:D:/workspace/FEBS-Cloud/.txlcn/FEBS-Server-System-8201.mv.db" daemon [_thread_blocked, id=18972, stack(0x0000000023a90000,0x0000000023b90000)]
  0x0000000024a32800 JavaThread "ForkJoinPool.commonPool-worker-8" daemon [_thread_blocked, id=14176, stack(0x0000000027260000,0x0000000027360000)]
  0x0000000024a2f800 JavaThread "ForkJoinPool.commonPool-worker-15" daemon [_thread_blocked, id=25556, stack(0x0000000026f60000,0x0000000027060000)]
  0x0000000024a36000 JavaThread "ForkJoinPool.commonPool-worker-6" daemon [_thread_blocked, id=8988, stack(0x0000000026e60000,0x0000000026f60000)]
  0x0000000024a35800 JavaThread "ForkJoinPool.commonPool-worker-13" daemon [_thread_blocked, id=18180, stack(0x0000000026d60000,0x0000000026e60000)]
  0x0000000024a34800 JavaThread "ForkJoinPool.commonPool-worker-4" daemon [_thread_blocked, id=21072, stack(0x0000000026c60000,0x0000000026d60000)]
  0x0000000024a34000 JavaThread "ForkJoinPool.commonPool-worker-11" daemon [_thread_blocked, id=24532, stack(0x0000000026b60000,0x0000000026c60000)]
  0x0000000024a31000 JavaThread "ForkJoinPool.commonPool-worker-2" daemon [_thread_blocked, id=18112, stack(0x0000000026a60000,0x0000000026b60000)]
  0x0000000021919000 JavaThread "ForkJoinPool.commonPool-worker-9" daemon [_thread_blocked, id=10108, stack(0x0000000026960000,0x0000000026a60000)]
  0x0000000021918000 JavaThread "container-0" [_thread_blocked, id=24460, stack(0x0000000026660000,0x0000000026760000)]
  0x000000002191b000 JavaThread "Catalina-utility-2" [_thread_blocked, id=17068, stack(0x0000000026560000,0x0000000026660000)]
  0x0000000021917800 JavaThread "Catalina-utility-1" [_thread_blocked, id=26136, stack(0x0000000026460000,0x0000000026560000)]
  0x000000002191a800 JavaThread "com.alibaba.nacos.naming.push.receiver" daemon [_thread_in_native, id=24384, stack(0x0000000026360000,0x0000000026460000)]
  0x0000000021919800 JavaThread "com.alibaba.nacos.naming.failover" daemon [_thread_blocked, id=23468, stack(0x0000000026260000,0x0000000026360000)]
  0x000000002191d800 JavaThread "com.alibaba.nacos.naming.client.listener" daemon [_thread_blocked, id=17924, stack(0x0000000026160000,0x0000000026260000)]
  0x000000002191c000 JavaThread "base housekeeper" daemon [_thread_blocked, id=25692, stack(0x0000000025d60000,0x0000000025e60000)]
  0x000000002191c800 JavaThread "RMI TCP Connection(3)-192.168.24.1" daemon [_thread_in_native, id=24060, stack(0x0000000025a60000,0x0000000025b60000)]
  0x0000000020f6f000 JavaThread "mysql-cj-abandoned-connection-cleanup" daemon [_thread_blocked, id=15752, stack(0x0000000025960000,0x0000000025a60000)]
  0x0000000020f6b000 JavaThread "spring.cloud.inetutils" daemon [_thread_blocked, id=8124, stack(0x0000000023490000,0x0000000023590000)]
  0x0000000021a8d000 JavaThread "logback-4" daemon [_thread_blocked, id=18264, stack(0x0000000022390000,0x0000000022490000)]
  0x0000000021adc800 JavaThread "com.alibaba.nacos.client.Worker.fixed-192.168.24.133_8001" daemon [_thread_blocked, id=11140, stack(0x0000000023690000,0x0000000023790000)]
  0x0000000021ac9800 JavaThread "Timer-0" daemon [_thread_blocked, id=26364, stack(0x0000000023590000,0x0000000023690000)]
  0x00000000215ad800 JavaThread "RMI Scheduler(0)" daemon [_thread_blocked, id=25784, stack(0x0000000022b90000,0x0000000022c90000)]
  0x0000000020877800 JavaThread "RMI TCP Connection(2)-192.168.24.1" daemon [_thread_in_native, id=25852, stack(0x0000000022a90000,0x0000000022b90000)]
  0x0000000021112000 JavaThread "RMI TCP Accept-0" daemon [_thread_in_native, id=9560, stack(0x0000000021ee0000,0x0000000021fe0000)]
  0x0000000020996000 JavaThread "Service Thread" daemon [_thread_blocked, id=16060, stack(0x0000000020e10000,0x0000000020f10000)]
  0x00000000208b3800 JavaThread "C1 CompilerThread3" daemon [_thread_blocked, id=19500, stack(0x0000000020d10000,0x0000000020e10000)]
  0x00000000208b3000 JavaThread "C2 CompilerThread2" daemon [_thread_blocked, id=17056, stack(0x0000000020c10000,0x0000000020d10000)]
  0x00000000208b0000 JavaThread "C2 CompilerThread1" daemon [_thread_blocked, id=20004, stack(0x0000000020b10000,0x0000000020c10000)]
  0x00000000208af800 JavaThread "C2 CompilerThread0" daemon [_thread_blocked, id=11288, stack(0x0000000020a10000,0x0000000020b10000)]
  0x000000001e9f1800 JavaThread "JDWP Command Reader" daemon [_thread_in_native, id=18236, stack(0x0000000020110000,0x0000000020210000)]
  0x000000001e9ed000 JavaThread "JDWP Event Helper Thread" daemon [_thread_blocked, id=21256, stack(0x0000000020010000,0x0000000020110000)]
  0x000000001e9e0000 JavaThread "JDWP Transport Listener: dt_socket" daemon [_thread_blocked, id=1696, stack(0x000000001ff10000,0x0000000020010000)]
  0x000000001e9d4800 JavaThread "Attach Listener" daemon [_thread_blocked, id=22116, stack(0x000000001fe10000,0x000000001ff10000)]
  0x000000001e97e000 JavaThread "Signal Dispatcher" daemon [_thread_blocked, id=18628, stack(0x000000001fd10000,0x000000001fe10000)]
  0x000000001e959000 JavaThread "Finalizer" daemon [_thread_blocked, id=5452, stack(0x000000001fbb0000,0x000000001fcb0000)]
  0x000000001d265000 JavaThread "Reference Handler" daemon [_thread_blocked, id=19708, stack(0x000000001fab0000,0x000000001fbb0000)]
  0x000000000345a000 JavaThread "main" [_thread_blocked, id=19620, stack(0x0000000003270000,0x0000000003370000)]

Other Threads:
  0x000000001e932800 VMThread [stack: 0x000000001f9b0000,0x000000001fab0000] [id=12532]
  0x0000000021124800 WatcherThread [stack: 0x0000000021fe0000,0x00000000220e0000] [id=22368]

VM state:not at safepoint (normal execution)

VM Mutex/Monitor currently owned by a thread: None

Heap:
 PSYoungGen      total 531456K, used 381358K [0x000000076b800000, 0x0000000798380000, 0x00000007c0000000)
  eden space 506368K, 75% used [0x000000076b800000,0x0000000782c6bab8,0x000000078a680000)
  from space 25088K, 0% used [0x000000078a680000,0x000000078a680000,0x000000078bf00000)
  to   space 25088K, 0% used [0x0000000796b00000,0x0000000796b00000,0x0000000798380000)
 ParOldGen       total 203264K, used 48299K [0x00000006c2800000, 0x00000006cee80000, 0x000000076b800000)
  object space 203264K, 23% used [0x00000006c2800000,0x00000006c572afe8,0x00000006cee80000)
 Metaspace       used 65500K, capacity 68799K, committed 68952K, reserved 1114112K
  class space    used 8660K, capacity 9238K, committed 9304K, reserved 1048576K

Card table byte_map: [0x0000000012a80000,0x0000000013270000] byte_map_base: 0x000000000f46c000

Marking Bits: (ParMarkBitMap*) 0x0000000068a0d850
 Begin Bits: [0x00000000141c0000, 0x0000000018120000)
 End Bits:   [0x0000000018120000, 0x000000001c080000)

Polling page: 0x0000000002eb0000

CodeCache: size=245760Kb used=14753Kb max_used=14753Kb free=231006Kb
 bounds [0x00000000036c0000, 0x0000000004530000, 0x00000000126c0000]
 total_blobs=7979 nmethods=7375 adapters=523
 compilation: enabled

Compilation events (10 events):
Event: 12.234 Thread 0x00000000208b3800 7470       1       io.netty.buffer.PoolSubpage::<init> (35 bytes)
Event: 12.235 Thread 0x00000000208b3800 nmethod 7470 0x0000000004527ed0 code [0x0000000004528020, 0x0000000004528170]
Event: 12.235 Thread 0x00000000208b3800 7471       1       io.netty.buffer.PoolChunkList::<init> (56 bytes)
Event: 12.235 Thread 0x00000000208b3800 nmethod 7471 0x00000000045281d0 code [0x0000000004528320, 0x00000000045284f0]
Event: 12.235 Thread 0x00000000208b3800 7472       1       io.netty.buffer.PoolChunkList::calculateMaxCapacity (28 bytes)
Event: 12.235 Thread 0x00000000208b3800 nmethod 7472 0x00000000045285d0 code [0x0000000004528720, 0x0000000004528870]
Event: 12.250 Thread 0x00000000208b3800 7474       1       java.util.concurrent.atomic.AtomicReferenceFieldUpdater$AtomicReferenceFieldUpdaterImpl::accessCheck (17 bytes)
Event: 12.250 Thread 0x00000000208b3800 nmethod 7474 0x0000000004528cd0 code [0x0000000004528e40, 0x0000000004528fa8]
Event: 12.250 Thread 0x00000000208b3800 7475       1       java.util.concurrent.atomic.AtomicReferenceFieldUpdater$AtomicReferenceFieldUpdaterImpl::valueCheck (19 bytes)
Event: 12.250 Thread 0x00000000208b3800 nmethod 7475 0x0000000004529050 code [0x00000000045291c0, 0x00000000045293a8]

GC Heap History (10 events):
Event: 4.681 GC heap before
{Heap before GC invocations=10 (full 2):
 PSYoungGen      total 389632K, used 13310K [0x000000076b800000, 0x0000000788200000, 0x00000007c0000000)
  eden space 376320K, 0% used [0x000000076b800000,0x000000076b800000,0x0000000782780000)
  from space 13312K, 99% used [0x0000000783900000,0x00000007845ff990,0x0000000784600000)
  to   space 17920K, 0% used [0x0000000782780000,0x0000000782780000,0x0000000783900000)
 ParOldGen       total 87040K, used 20773K [0x00000006c2800000, 0x00000006c7d00000, 0x000000076b800000)
  object space 87040K, 23% used [0x00000006c2800000,0x00000006c3c49780,0x00000006c7d00000)
 Metaspace       used 34071K, capacity 35334K, committed 35456K, reserved 1079296K
  class space    used 4631K, capacity 4911K, committed 4992K, reserved 1048576K
Event: 4.718 GC heap after
Heap after GC invocations=10 (full 2):
 PSYoungGen      total 389632K, used 0K [0x000000076b800000, 0x0000000788200000, 0x00000007c0000000)
  eden space 376320K, 0% used [0x000000076b800000,0x000000076b800000,0x0000000782780000)
  from space 13312K, 0% used [0x0000000783900000,0x0000000783900000,0x0000000784600000)
  to   space 17920K, 0% used [0x0000000782780000,0x0000000782780000,0x0000000783900000)
 ParOldGen       total 141312K, used 25141K [0x00000006c2800000, 0x00000006cb200000, 0x000000076b800000)
  object space 141312K, 17% used [0x00000006c2800000,0x00000006c408d748,0x00000006cb200000)
 Metaspace       used 34071K, capacity 35334K, committed 35456K, reserved 1079296K
  class space    used 4631K, capacity 4911K, committed 4992K, reserved 1048576K
}
Event: 7.052 GC heap before
{Heap before GC invocations=11 (full 2):
 PSYoungGen      total 389632K, used 376320K [0x000000076b800000, 0x0000000788200000, 0x00000007c0000000)
  eden space 376320K, 100% used [0x000000076b800000,0x0000000782780000,0x0000000782780000)
  from space 13312K, 0% used [0x0000000783900000,0x0000000783900000,0x0000000784600000)
  to   space 17920K, 0% used [0x0000000782780000,0x0000000782780000,0x0000000783900000)
 ParOldGen       total 141312K, used 25141K [0x00000006c2800000, 0x00000006cb200000, 0x000000076b800000)
  object space 141312K, 17% used [0x00000006c2800000,0x00000006c408d748,0x00000006cb200000)
 Metaspace       used 45571K, capacity 47758K, committed 48000K, reserved 1091584K
  class space    used 6038K, capacity 6451K, committed 6528K, reserved 1048576K
Event: 7.067 GC heap after
Heap after GC invocations=11 (full 2):
 PSYoungGen      total 394240K, used 17894K [0x000000076b800000, 0x000000078d480000, 0x00000007c0000000)
  eden space 376320K, 0% used [0x000000076b800000,0x000000076b800000,0x0000000782780000)
  from space 17920K, 99% used [0x0000000782780000,0x00000007838f9b38,0x0000000783900000)
  to   space 21504K, 0% used [0x000000078bf80000,0x000000078bf80000,0x000000078d480000)
 ParOldGen       total 141312K, used 28128K [0x00000006c2800000, 0x00000006cb200000, 0x000000076b800000)
  object space 141312K, 19% used [0x00000006c2800000,0x00000006c4378040,0x00000006cb200000)
 Metaspace       used 45571K, capacity 47758K, committed 48000K, reserved 1091584K
  class space    used 6038K, capacity 6451K, committed 6528K, reserved 1048576K
}
Event: 8.194 GC heap before
{Heap before GC invocations=12 (full 2):
 PSYoungGen      total 394240K, used 394214K [0x000000076b800000, 0x000000078d480000, 0x00000007c0000000)
  eden space 376320K, 100% used [0x000000076b800000,0x0000000782780000,0x0000000782780000)
  from space 17920K, 99% used [0x0000000782780000,0x00000007838f9b38,0x0000000783900000)
  to   space 21504K, 0% used [0x000000078bf80000,0x000000078bf80000,0x000000078d480000)
 ParOldGen       total 141312K, used 28128K [0x00000006c2800000, 0x00000006cb200000, 0x000000076b800000)
  object space 141312K, 19% used [0x00000006c2800000,0x00000006c4378040,0x00000006cb200000)
 Metaspace       used 51554K, capacity 54100K, committed 54144K, reserved 1095680K
  class space    used 6785K, capacity 7262K, committed 7296K, reserved 1048576K
Event: 8.208 GC heap after
Heap after GC invocations=12 (full 2):
 PSYoungGen      total 527872K, used 21499K [0x000000076b800000, 0x000000078d780000, 0x00000007c0000000)
  eden space 506368K, 0% used [0x000000076b800000,0x000000076b800000,0x000000078a680000)
  from space 21504K, 99% used [0x000000078bf80000,0x000000078d47efa8,0x000000078d480000)
  to   space 25088K, 0% used [0x000000078a680000,0x000000078a680000,0x000000078bf00000)
 ParOldGen       total 141312K, used 29949K [0x00000006c2800000, 0x00000006cb200000, 0x000000076b800000)
  object space 141312K, 21% used [0x00000006c2800000,0x00000006c453f610,0x00000006cb200000)
 Metaspace       used 51554K, capacity 54100K, committed 54144K, reserved 1095680K
  class space    used 6785K, capacity 7262K, committed 7296K, reserved 1048576K
}
Event: 9.287 GC heap before
{Heap before GC invocations=13 (full 2):
 PSYoungGen      total 527872K, used 298841K [0x000000076b800000, 0x000000078d780000, 0x00000007c0000000)
  eden space 506368K, 54% used [0x000000076b800000,0x000000077c6d7608,0x000000078a680000)
  from space 21504K, 99% used [0x000000078bf80000,0x000000078d47efa8,0x000000078d480000)
  to   space 25088K, 0% used [0x000000078a680000,0x000000078a680000,0x000000078bf00000)
 ParOldGen       total 141312K, used 29949K [0x00000006c2800000, 0x00000006cb200000, 0x000000076b800000)
  object space 141312K, 21% used [0x00000006c2800000,0x00000006c453f610,0x00000006cb200000)
 Metaspace       used 56217K, capacity 59017K, committed 59096K, reserved 1099776K
  class space    used 7328K, capacity 7817K, committed 7896K, reserved 1048576K
Event: 9.306 GC heap after
Heap after GC invocations=13 (full 2):
 PSYoungGen      total 531456K, used 15132K [0x000000076b800000, 0x0000000798380000, 0x00000007c0000000)
  eden space 506368K, 0% used [0x000000076b800000,0x000000076b800000,0x000000078a680000)
  from space 25088K, 60% used [0x000000078a680000,0x000000078b547058,0x000000078bf00000)
  to   space 25088K, 0% used [0x0000000796b00000,0x0000000796b00000,0x0000000798380000)
 ParOldGen       total 141312K, used 49227K [0x00000006c2800000, 0x00000006cb200000, 0x000000076b800000)
  object space 141312K, 34% used [0x00000006c2800000,0x00000006c5812c98,0x00000006cb200000)
 Metaspace       used 56217K, capacity 59017K, committed 59096K, reserved 1099776K
  class space    used 7328K, capacity 7817K, committed 7896K, reserved 1048576K
}
Event: 9.306 GC heap before
{Heap before GC invocations=14 (full 3):
 PSYoungGen      total 531456K, used 15132K [0x000000076b800000, 0x0000000798380000, 0x00000007c0000000)
  eden space 506368K, 0% used [0x000000076b800000,0x000000076b800000,0x000000078a680000)
  from space 25088K, 60% used [0x000000078a680000,0x000000078b547058,0x000000078bf00000)
  to   space 25088K, 0% used [0x0000000796b00000,0x0000000796b00000,0x0000000798380000)
 ParOldGen       total 141312K, used 49227K [0x00000006c2800000, 0x00000006cb200000, 0x000000076b800000)
  object space 141312K, 34% used [0x00000006c2800000,0x00000006c5812c98,0x00000006cb200000)
 Metaspace       used 56217K, capacity 59017K, committed 59096K, reserved 1099776K
  class space    used 7328K, capacity 7817K, committed 7896K, reserved 1048576K
Event: 9.428 GC heap after
Heap after GC invocations=14 (full 3):
 PSYoungGen      total 531456K, used 0K [0x000000076b800000, 0x0000000798380000, 0x00000007c0000000)
  eden space 506368K, 0% used [0x000000076b800000,0x000000076b800000,0x000000078a680000)
  from space 25088K, 0% used [0x000000078a680000,0x000000078a680000,0x000000078bf00000)
  to   space 25088K, 0% used [0x0000000796b00000,0x0000000796b00000,0x0000000798380000)
 ParOldGen       total 203264K, used 48299K [0x00000006c2800000, 0x00000006cee80000, 0x000000076b800000)
  object space 203264K, 23% used [0x00000006c2800000,0x00000006c572afe8,0x00000006cee80000)
 Metaspace       used 56217K, capacity 59017K, committed 59096K, reserved 1099776K
  class space    used 7328K, capacity 7817K, committed 7896K, reserved 1048576K
}

Deoptimization events (0 events):
No events

Internal exceptions (10 events):
Event: 11.403 Thread 0x000000000345a000 Exception <a 'java/lang/ArrayIndexOutOfBoundsException'> (0x0000000780390638) thrown at [C:\re\workspace\8-2-build-windows-amd64-cygwin\jdk8u144\9417\hotspot\src\share\vm\runtime\sharedRuntime.cpp, line 605]
Event: 11.761 Thread 0x000000000345a000 Exception <a 'java/lang/IncompatibleClassChangeError': Found class java.lang.Object, but interface was expected> (0x00000007804dee58) thrown at [C:\re\workspace\8-2-build-windows-amd64-cygwin\jdk8u144\9417\hotspot\src\share\vm\interpreter\linkResolver.cpp
Event: 11.825 Thread 0x000000000345a000 Exception <a 'java/net/UnknownHostException': ${febs-tx-manager}> (0x000000078139d4e8) thrown at [C:\re\workspace\8-2-build-windows-amd64-cygwin\jdk8u144\9417\hotspot\src\share\vm\prims\jni.cpp, line 735]
Event: 12.245 Thread 0x000000002780f000 Exception <a 'java/lang/ArrayIndexOutOfBoundsException'> (0x00000007829d20d8) thrown at [C:\re\workspace\8-2-build-windows-amd64-cygwin\jdk8u144\9417\hotspot\src\share\vm\runtime\sharedRuntime.cpp, line 605]
Event: 12.245 Thread 0x000000002780f000 Exception <a 'java/lang/ArrayIndexOutOfBoundsException'> (0x00000007829d30f0) thrown at [C:\re\workspace\8-2-build-windows-amd64-cygwin\jdk8u144\9417\hotspot\src\share\vm\runtime\sharedRuntime.cpp, line 605]
Event: 12.248 Thread 0x000000002780f000 Exception <a 'java/lang/ArrayIndexOutOfBoundsException'> (0x0000000782abddb0) thrown at [C:\re\workspace\8-2-build-windows-amd64-cygwin\jdk8u144\9417\hotspot\src\share\vm\runtime\sharedRuntime.cpp, line 605]
Event: 12.248 Thread 0x000000002780f000 Exception <a 'java/lang/ArrayIndexOutOfBoundsException'> (0x0000000782abecc0) thrown at [C:\re\workspace\8-2-build-windows-amd64-cygwin\jdk8u144\9417\hotspot\src\share\vm\runtime\sharedRuntime.cpp, line 605]
Event: 12.249 Thread 0x000000002780f000 Exception <a 'java/lang/ArrayIndexOutOfBoundsException'> (0x0000000782b01788) thrown at [C:\re\workspace\8-2-build-windows-amd64-cygwin\jdk8u144\9417\hotspot\src\share\vm\runtime\sharedRuntime.cpp, line 605]
Event: 12.249 Thread 0x000000002780f000 Exception <a 'java/lang/ArrayIndexOutOfBoundsException'> (0x0000000782b027a0) thrown at [C:\re\workspace\8-2-build-windows-amd64-cygwin\jdk8u144\9417\hotspot\src\share\vm\runtime\sharedRuntime.cpp, line 605]
Event: 12.250 Thread 0x000000002780f000 Exception <a 'java/lang/ArrayIndexOutOfBoundsException'> (0x0000000782b250d0) thrown at [C:\re\workspace\8-2-build-windows-amd64-cygwin\jdk8u144\9417\hotspot\src\share\vm\runtime\sharedRuntime.cpp, line 605]

Events (10 events):
Event: 12.251 Thread 0x000000002780f000 DEOPT PACKING pc=0x00000000044667cc sp=0x0000000026158740
Event: 12.251 Thread 0x000000002780f000 DEOPT UNPACKING pc=0x000000000370787f sp=0x0000000026158560 mode 1
Event: 12.252 loading class io/netty/resolver/NameResolver
Event: 12.252 loading class io/netty/resolver/NameResolver done
Event: 12.252 Thread 0x000000002780f000 DEOPT PACKING pc=0x00000000039047d1 sp=0x0000000026155f50
Event: 12.252 Thread 0x000000002780f000 DEOPT UNPACKING pc=0x000000000370787f sp=0x0000000026155ca0 mode 1
Event: 12.252 Thread 0x000000002780f000 DEOPT PACKING pc=0x0000000004466884 sp=0x0000000026155fd0
Event: 12.252 Thread 0x000000002780f000 DEOPT UNPACKING pc=0x000000000370787f sp=0x0000000026155df0 mode 1
Event: 12.252 Thread 0x000000002780f000 DEOPT PACKING pc=0x00000000044667cc sp=0x0000000026156160
Event: 12.252 Thread 0x000000002780f000 DEOPT UNPACKING pc=0x000000000370787f sp=0x0000000026155f80 mode 1


Dynamic libraries:
0x00007ff67d0f0000 - 0x00007ff67d127000 	D:\Program Files\Java\jdk1.8.0_144\bin\java.exe
0x00007ffe1f0c0000 - 0x00007ffe1f2b0000 	C:\Windows\SYSTEM32\ntdll.dll
0x00007ffe1da60000 - 0x00007ffe1db12000 	C:\Windows\System32\KERNEL32.DLL
0x00007ffe1ca80000 - 0x00007ffe1cd25000 	C:\Windows\System32\KERNELBASE.dll
0x00007ffe1d920000 - 0x00007ffe1d9c3000 	C:\Windows\System32\ADVAPI32.dll
0x00007ffe1db30000 - 0x00007ffe1dbce000 	C:\Windows\System32\msvcrt.dll
0x00007ffe1e600000 - 0x00007ffe1e697000 	C:\Windows\System32\sechost.dll
0x00007ffe1e890000 - 0x00007ffe1e9b0000 	C:\Windows\System32\RPCRT4.dll
0x00007ffe1e320000 - 0x00007ffe1e4b4000 	C:\Windows\System32\USER32.dll
0x00007ffe1d140000 - 0x00007ffe1d161000 	C:\Windows\System32\win32u.dll
0x00007ffe1eb60000 - 0x00007ffe1eb86000 	C:\Windows\System32\GDI32.dll
0x00007ffe1ce30000 - 0x00007ffe1cfc6000 	C:\Windows\System32\gdi32full.dll
0x00007ffe1d070000 - 0x00007ffe1d10e000 	C:\Windows\System32\msvcp_win.dll
0x00007ffe1cd30000 - 0x00007ffe1ce2a000 	C:\Windows\System32\ucrtbase.dll
0x00007ffe0e4d0000 - 0x00007ffe0e754000 	C:\Windows\WinSxS\amd64_microsoft.windows.common-controls_6595b64144ccf1df_6.0.18362.1139_none_9e7bf2d3e4605ac6\COMCTL32.dll
0x00007ffe1eb90000 - 0x00007ffe1eec5000 	C:\Windows\System32\combase.dll
0x00007ffe1cfd0000 - 0x00007ffe1d050000 	C:\Windows\System32\bcryptPrimitives.dll
0x00007ffe1e6a0000 - 0x00007ffe1e6ce000 	C:\Windows\System32\IMM32.DLL
0x0000000069180000 - 0x0000000069252000 	D:\Program Files\Java\jdk1.8.0_144\jre\bin\msvcr100.dll
0x00000000681f0000 - 0x0000000068a8d000 	D:\Program Files\Java\jdk1.8.0_144\jre\bin\server\jvm.dll
0x00007ffe1d730000 - 0x00007ffe1d738000 	C:\Windows\System32\PSAPI.DLL
0x00007ffe03600000 - 0x00007ffe03609000 	C:\Windows\SYSTEM32\WSOCK32.dll
0x00007ffe19d90000 - 0x00007ffe19db4000 	C:\Windows\SYSTEM32\WINMM.dll
0x00007ffe1d9d0000 - 0x00007ffe1da3f000 	C:\Windows\System32\WS2_32.dll
0x00007ffe1b170000 - 0x00007ffe1b17a000 	C:\Windows\SYSTEM32\VERSION.dll
0x00007ffe19d60000 - 0x00007ffe19d8d000 	C:\Windows\SYSTEM32\winmmbase.dll
0x00007ffe1ca30000 - 0x00007ffe1ca7a000 	C:\Windows\System32\cfgmgr32.dll
0x00000000697a0000 - 0x00000000697af000 	D:\Program Files\Java\jdk1.8.0_144\jre\bin\verify.dll
0x0000000069150000 - 0x0000000069179000 	D:\Program Files\Java\jdk1.8.0_144\jre\bin\java.dll
0x00000000690f0000 - 0x0000000069125000 	D:\Program Files\Java\jdk1.8.0_144\jre\bin\jdwp.dll
0x00000000690e0000 - 0x00000000690e8000 	D:\Program Files\Java\jdk1.8.0_144\jre\bin\npt.dll
0x00000000690b0000 - 0x00000000690d3000 	D:\Program Files\Java\jdk1.8.0_144\jre\bin\instrument.dll
0x0000000069130000 - 0x0000000069146000 	D:\Program Files\Java\jdk1.8.0_144\jre\bin\zip.dll
0x00007ffe1dc30000 - 0x00007ffe1e317000 	C:\Windows\System32\SHELL32.dll
0x00007ffe1eab0000 - 0x00007ffe1eb59000 	C:\Windows\System32\shcore.dll
0x00007ffe1c250000 - 0x00007ffe1c9d0000 	C:\Windows\System32\windows.storage.dll
0x00007ffe1bf90000 - 0x00007ffe1bfb3000 	C:\Windows\System32\profapi.dll
0x00007ffe1bfe0000 - 0x00007ffe1c02a000 	C:\Windows\System32\powrprof.dll
0x00007ffe1bf80000 - 0x00007ffe1bf90000 	C:\Windows\System32\UMPDC.dll
0x00007ffe1d740000 - 0x00007ffe1d792000 	C:\Windows\System32\shlwapi.dll
0x00007ffe1bfc0000 - 0x00007ffe1bfd1000 	C:\Windows\System32\kernel.appcore.dll
0x00007ffe1d050000 - 0x00007ffe1d067000 	C:\Windows\System32\cryptsp.dll
0x0000000069060000 - 0x0000000069069000 	D:\Program Files\Java\jdk1.8.0_144\jre\bin\dt_socket.dll
0x00007ffe1b7d0000 - 0x00007ffe1b837000 	C:\Windows\system32\mswsock.dll
0x0000000069090000 - 0x00000000690aa000 	D:\Program Files\Java\jdk1.8.0_144\jre\bin\net.dll
0x00007ffe1b520000 - 0x00007ffe1b5eb000 	C:\Windows\SYSTEM32\DNSAPI.dll
0x00007ffe1d170000 - 0x00007ffe1d178000 	C:\Windows\System32\NSI.dll
0x00007ffe1b4e0000 - 0x00007ffe1b51a000 	C:\Windows\SYSTEM32\IPHLPAPI.DLL
0x00007ffe11870000 - 0x00007ffe1187a000 	C:\Windows\System32\rasadhlp.dll
0x00007ffe14190000 - 0x00007ffe14207000 	C:\Windows\System32\fwpuclnt.dll
0x00007ffe1d110000 - 0x00007ffe1d136000 	C:\Windows\System32\bcrypt.dll
0x0000000069050000 - 0x000000006905d000 	D:\Program Files\Java\jdk1.8.0_144\jre\bin\management.dll
0x0000000069070000 - 0x0000000069081000 	D:\Program Files\Java\jdk1.8.0_144\jre\bin\nio.dll
0x00007ffe1b340000 - 0x00007ffe1b373000 	C:\Windows\system32\rsaenh.dll
0x00007ffe1bea0000 - 0x00007ffe1bec5000 	C:\Windows\SYSTEM32\USERENV.dll
0x00007ffe1b9a0000 - 0x00007ffe1b9ac000 	C:\Windows\SYSTEM32\CRYPTBASE.dll
0x00007ffe14990000 - 0x00007ffe149a6000 	C:\Windows\SYSTEM32\dhcpcsvc6.DLL
0x00007ffe14970000 - 0x00007ffe1498c000 	C:\Windows\SYSTEM32\dhcpcsvc.DLL
0x00007ffe030a0000 - 0x00007ffe030b6000 	C:\Windows\system32\napinsp.dll
0x00007ffe02fa0000 - 0x00007ffe02fba000 	C:\Windows\system32\pnrpnsp.dll
0x00007ffe04520000 - 0x00007ffe0452e000 	C:\Windows\System32\winrnr.dll
0x00007ffe187f0000 - 0x00007ffe1880c000 	C:\Windows\system32\NLAapi.dll
0x00007ffe173b0000 - 0x00007ffe173c5000 	C:\Windows\system32\wshbth.dll
0x0000000069020000 - 0x0000000069044000 	D:\Program Files\Java\jdk1.8.0_144\jre\bin\sunec.dll
0x0000000069010000 - 0x000000006901b000 	D:\Program Files\Java\jdk1.8.0_144\jre\bin\sunmscapi.dll
0x00007ffe1c100000 - 0x00007ffe1c249000 	C:\Windows\System32\CRYPT32.dll
0x00007ffe1c030000 - 0x00007ffe1c042000 	C:\Windows\System32\MSASN1.dll
0x00007ffe06270000 - 0x00007ffe06464000 	C:\Windows\SYSTEM32\dbghelp.dll

VM Arguments:
jvm_args: -agentlib:jdwp=transport=dt_socket,address=127.0.0.1:59116,suspend=y,server=n -XX:TieredStopAtLevel=1 -Xverify:none -Dspring.output.ansi.enabled=always -Dcom.sun.management.jmxremote -Dspring.jmx.enabled=true -Dspring.liveBeansView.mbeanDomain -Dspring.application.admin.enabled=true -javaagent:C:\Users\Hasee\AppData\Local\JetBrains\IntelliJIdea2020.1\captureAgent\debugger-agent.jar -Dfile.encoding=UTF-8 
java_command: cc.mrbird.febs.server.system.FebsServerSystemApplication
java_class_path (initial): D:\Program Files\Java\jdk1.8.0_144\jre\lib\charsets.jar;D:\Program Files\Java\jdk1.8.0_144\jre\lib\deploy.jar;D:\Program Files\Java\jdk1.8.0_144\jre\lib\ext\access-bridge-64.jar;D:\Program Files\Java\jdk1.8.0_144\jre\lib\ext\cldrdata.jar;D:\Program Files\Java\jdk1.8.0_144\jre\lib\ext\dnsns.jar;D:\Program Files\Java\jdk1.8.0_144\jre\lib\ext\jaccess.jar;D:\Program Files\Java\jdk1.8.0_144\jre\lib\ext\jfxrt.jar;D:\Program Files\Java\jdk1.8.0_144\jre\lib\ext\localedata.jar;D:\Program Files\Java\jdk1.8.0_144\jre\lib\ext\nashorn.jar;D:\Program Files\Java\jdk1.8.0_144\jre\lib\ext\sunec.jar;D:\Program Files\Java\jdk1.8.0_144\jre\lib\ext\sunjce_provider.jar;D:\Program Files\Java\jdk1.8.0_144\jre\lib\ext\sunmscapi.jar;D:\Program Files\Java\jdk1.8.0_144\jre\lib\ext\sunpkcs11.jar;D:\Program Files\Java\jdk1.8.0_144\jre\lib\ext\zipfs.jar;D:\Program Files\Java\jdk1.8.0_144\jre\lib\javaws.jar;D:\Program Files\Java\jdk1.8.0_144\jre\lib\jce.jar;D:\Program Files\Java\jdk1.8.0_144\jre\lib\jfr.jar;D:\Program Files\Java\jdk1.8.0_144\jre\lib\jfxswt.jar;D:\Program Files\Java\jdk1.8.0_144\jre\lib\jsse.jar;D:\Program Files\Java\jdk1.8.0_144\jre\lib\management-agent.jar;D:\Program Files\Java\jdk1.8.0_144\jre\lib\plugin.jar;D:\Program Files\Java\jdk1.8.0_144\jre\lib\resources.jar;D:\Program Files\Java\jdk1.8.0_144\jre\lib\rt.jar;D:\workspace\FEBS-Cloud\febs-server\febs-server-system\target\classes;D:\workspace\FEBS-Cloud\febs-common\febs-common-datasource-starter\target\classes;D:\workspace\FEBS-Cloud\febs-common\febs-common-core\target\classes;C:\Users\Hasee\.m2\repository\io\projectreactor\reactor-core\3.3.0.RELEASE\reactor-core-3.3.0.RELEASE.jar;C:\Users\Hasee\.m2\repository\org\reactivestreams\reactive-streams\1.0.3\reactive-streams-1.0.3.jar;C:\Users\Hasee\.m2\repository\org\projectlombok\lombok\1.18.10\lombok-1.18.10.jar;C:\Users\Hasee\.m2\repository\xml-apis\xml-apis\1.4.01\xml-apis-1.4.01.jar;C:\Users\Hasee\.m2\repository\org\lionsoul\ip2region\1.7\ip2region
Launcher Type: SUN_STANDARD

Environment Variables:
JAVA_HOME=D:\Program Files\Java\jdk1.8.0_144
CLASSPATH=D:\Program Files\Java\jdk1.8.0_144\lib\dt.jar;D:\Program Files\Java\jdk1.8.0_144\lib\tools.jar
PATH=D:\app\Hasee\product\11.2.0\dbhome_1\bin;C:\ProgramData\Oracle\Java\javapath;C:\Windows\system32;C:\Windows;C:\Windows\System32\Wbem;C:\Windows\System32\WindowsPowerShell\v1.0\;C:\Windows\System32\OpenSSH\;C:\Program Files (x86)\NVIDIA Corporation\PhysX\Common;C:\Program Files\NVIDIA Corporation\NVIDIA NvDLISR;C:\Program Files\Intel\WiFi\bin\;C:\Program Files\Common Files\Intel\WirelessCommon\;D:\Program Files\Java\jdk1.8.0_144\bin;D:\Program Files\jre\bin;D:\apache-maven-3.3.9-bin\apache-maven-3.3.9\bin;D:\Program Files\MySQL\MySQL Server 5.5\bin;D:\Program Files\TortoiseSVN\bin;D:\Program Files\Git\cmd;D:\nodejs\;C:\Program Files\MySQL\MySQL Utilities 1.6\;C:\Users\Hasee\AppData\Local\Microsoft\WindowsApps;;D:\IntelliJ IDEA 2020.1.3\bin;;D:\WebStorm 2019.2.2\bin;;C:\Users\Hasee\AppData\Roaming\npm;D:\VSCode\bin
USERNAME=Hasee
OS=Windows_NT
PROCESSOR_IDENTIFIER=Intel64 Family 6 Model 158 Stepping 10, GenuineIntel



---------------  S Y S T E M  ---------------

OS: Windows 10.0 , 64 bit Build 18362 (10.0.18362.1110)

CPU:total 12 (initial active 12) (6 cores per cpu, 2 threads per core) family 6 model 158 stepping 10, cmov, cx8, fxsr, mmx, sse, sse2, sse3, ssse3, sse4.1, sse4.2, popcnt, avx, avx2, aes, clmul, erms, 3dnowpref, lzcnt, ht, tsc, tscinvbit, bmi1, bmi2, adx

Memory: 4k page, physical 16610356k(1935628k free), swap 29717808k(2744k free)

vm_info: Java HotSpot(TM) 64-Bit Server VM (25.144-b01) for windows-amd64 JRE (1.8.0_144-b01), built on Jul 21 2017 21:57:33 by "java_re" with MS VC++ 10.0 (VS2010)

time: Tue Nov 03 16:47:25 2020
elapsed time: 12 seconds (0d 0h 0m 12s)

